ARM GAS  C:\Users\ADMIN\AppData\Local\Temp\cccKQWuW.s 			page 1


   1              		.syntax unified
   2              		.cpu cortex-m0
   3              		.fpu softvfp
   4              		.eabi_attribute 20, 1
   5              		.eabi_attribute 21, 1
   6              		.eabi_attribute 23, 3
   7              		.eabi_attribute 24, 1
   8              		.eabi_attribute 25, 1
   9              		.eabi_attribute 26, 1
  10              		.eabi_attribute 30, 1
  11              		.eabi_attribute 34, 0
  12              		.eabi_attribute 18, 4
  13              		.thumb
  14              		.syntax unified
  15              		.file	"NeoPixel_sled.c"
  16              		.text
  17              	.Ltext0:
  18              		.cfi_sections	.debug_frame
  19              		.section	.text.NeoPixel_sendBit,"ax",%progbits
  20              		.align	2
  21              		.global	NeoPixel_sendBit
  22              		.code	16
  23              		.thumb_func
  24              		.type	NeoPixel_sendBit, %function
  25              	NeoPixel_sendBit:
  26              	.LFB0:
  27              		.file 1 "Generated_Source\\PSoC4\\NeoPixel_sled.c"
   1:Generated_Source\PSoC4/NeoPixel_sled.c **** /* ========================================
   2:Generated_Source\PSoC4/NeoPixel_sled.c ****  *
   3:Generated_Source\PSoC4/NeoPixel_sled.c ****  * Copyright YOUR COMPANY, THE YEAR
   4:Generated_Source\PSoC4/NeoPixel_sled.c ****  * All Rights Reserved
   5:Generated_Source\PSoC4/NeoPixel_sled.c ****  * UNPUBLISHED, LICENSED SOFTWARE.
   6:Generated_Source\PSoC4/NeoPixel_sled.c ****  *
   7:Generated_Source\PSoC4/NeoPixel_sled.c ****  * CONFIDENTIAL AND PROPRIETARY INFORMATION
   8:Generated_Source\PSoC4/NeoPixel_sled.c ****  * WHICH IS THE PROPERTY OF your company.
   9:Generated_Source\PSoC4/NeoPixel_sled.c ****  *
  10:Generated_Source\PSoC4/NeoPixel_sled.c ****  * ========================================
  11:Generated_Source\PSoC4/NeoPixel_sled.c **** */
  12:Generated_Source\PSoC4/NeoPixel_sled.c **** /*
  13:Generated_Source\PSoC4/NeoPixel_sled.c ****  This is an example of how simple driving a Neopixel can be
  14:Generated_Source\PSoC4/NeoPixel_sled.c ****  This code is optimized for understandability and changability rather than raw speed
  15:Generated_Source\PSoC4/NeoPixel_sled.c ****  More info at http://wp.josh.com/2014/05/11/ws2812-neopixels-made-easy/
  16:Generated_Source\PSoC4/NeoPixel_sled.c **** */
  17:Generated_Source\PSoC4/NeoPixel_sled.c **** 
  18:Generated_Source\PSoC4/NeoPixel_sled.c **** #include "NeoPixel_sled.h"
  19:Generated_Source\PSoC4/NeoPixel_sled.c **** #include "NeoPixel_pixl.h"
  20:Generated_Source\PSoC4/NeoPixel_sled.c **** void NeoPixel_sendBit(bool bitVal)
  21:Generated_Source\PSoC4/NeoPixel_sled.c **** {   
  28              		.loc 1 21 0
  29              		.cfi_startproc
  30              		@ args = 0, pretend = 0, frame = 0
  31              		@ frame_needed = 0, uses_anonymous_args = 0
  32              	.LVL0:
  33 0000 70B5     		push	{r4, r5, r6, lr}
  34              		.cfi_def_cfa_offset 16
  35              		.cfi_offset 4, -16
  36              		.cfi_offset 5, -12
ARM GAS  C:\Users\ADMIN\AppData\Local\Temp\cccKQWuW.s 			page 2


  37              		.cfi_offset 6, -8
  38              		.cfi_offset 14, -4
  22:Generated_Source\PSoC4/NeoPixel_sled.c ****   if (bitVal)
  39              		.loc 1 22 0
  40 0002 0028     		cmp	r0, #0
  41 0004 0ED0     		beq	.L2
  23:Generated_Source\PSoC4/NeoPixel_sled.c ****   { // 0 bit
  24:Generated_Source\PSoC4/NeoPixel_sled.c ****     CY_SYS_PINS_SET_PIN(NeoPixel_pixl__DR, NeoPixel_pixl_SHIFT); 
  42              		.loc 1 24 0
  43 0006 0D4C     		ldr	r4, .L4
  44 0008 2368     		ldr	r3, [r4]
  45 000a 0225     		movs	r5, #2
  46 000c 2B43     		orrs	r3, r5
  47 000e 2360     		str	r3, [r4]
  25:Generated_Source\PSoC4/NeoPixel_sled.c ****     CyDelayCycles(2);
  48              		.loc 1 25 0
  49 0010 0220     		movs	r0, #2
  50              	.LVL1:
  51 0012 FFF7FEFF 		bl	CyDelayCycles
  52              	.LVL2:
  26:Generated_Source\PSoC4/NeoPixel_sled.c ****     CY_SYS_PINS_CLEAR_PIN(NeoPixel_pixl__DR, NeoPixel_pixl_SHIFT);
  53              		.loc 1 26 0
  54 0016 2368     		ldr	r3, [r4]
  55 0018 AB43     		bics	r3, r5
  56 001a 2360     		str	r3, [r4]
  27:Generated_Source\PSoC4/NeoPixel_sled.c ****     CyDelayCycles(1);
  57              		.loc 1 27 0
  58 001c 0120     		movs	r0, #1
  59 001e FFF7FEFF 		bl	CyDelayCycles
  60              	.LVL3:
  61 0022 0AE0     		b	.L1
  62              	.LVL4:
  63              	.L2:
  28:Generated_Source\PSoC4/NeoPixel_sled.c ****   }
  29:Generated_Source\PSoC4/NeoPixel_sled.c ****   else
  30:Generated_Source\PSoC4/NeoPixel_sled.c ****   { // 1 bit
  31:Generated_Source\PSoC4/NeoPixel_sled.c ****       CY_SYS_PINS_SET_PIN(NeoPixel_pixl__DR, NeoPixel_pixl_SHIFT);            
  64              		.loc 1 31 0
  65 0024 054B     		ldr	r3, .L4
  66 0026 1A68     		ldr	r2, [r3]
  67 0028 0221     		movs	r1, #2
  68 002a 0A43     		orrs	r2, r1
  69 002c 1A60     		str	r2, [r3]
  32:Generated_Source\PSoC4/NeoPixel_sled.c ****       CY_SYS_PINS_CLEAR_PIN(NeoPixel_pixl__DR, NeoPixel_pixl_SHIFT);
  70              		.loc 1 32 0
  71 002e 1A68     		ldr	r2, [r3]
  72 0030 8A43     		bics	r2, r1
  73 0032 1A60     		str	r2, [r3]
  33:Generated_Source\PSoC4/NeoPixel_sled.c ****       CyDelayCycles(1);
  74              		.loc 1 33 0
  75 0034 0120     		movs	r0, #1
  76              	.LVL5:
  77 0036 FFF7FEFF 		bl	CyDelayCycles
  78              	.LVL6:
  79              	.L1:
  34:Generated_Source\PSoC4/NeoPixel_sled.c ****   } 
  35:Generated_Source\PSoC4/NeoPixel_sled.c **** }
ARM GAS  C:\Users\ADMIN\AppData\Local\Temp\cccKQWuW.s 			page 3


  80              		.loc 1 35 0
  81              		@ sp needed
  82 003a 70BD     		pop	{r4, r5, r6, pc}
  83              	.L5:
  84              		.align	2
  85              	.L4:
  86 003c 00010440 		.word	1074004224
  87              		.cfi_endproc
  88              	.LFE0:
  89              		.size	NeoPixel_sendBit, .-NeoPixel_sendBit
  90              		.section	.text.NeoPixel_sendByte,"ax",%progbits
  91              		.align	2
  92              		.global	NeoPixel_sendByte
  93              		.code	16
  94              		.thumb_func
  95              		.type	NeoPixel_sendByte, %function
  96              	NeoPixel_sendByte:
  97              	.LFB1:
  36:Generated_Source\PSoC4/NeoPixel_sled.c **** 
  37:Generated_Source\PSoC4/NeoPixel_sled.c **** void NeoPixel_sendByte(uint8_t byte)
  38:Generated_Source\PSoC4/NeoPixel_sled.c **** {
  98              		.loc 1 38 0
  99              		.cfi_startproc
 100              		@ args = 0, pretend = 0, frame = 0
 101              		@ frame_needed = 0, uses_anonymous_args = 0
 102              	.LVL7:
 103 0000 70B5     		push	{r4, r5, r6, lr}
 104              		.cfi_def_cfa_offset 16
 105              		.cfi_offset 4, -16
 106              		.cfi_offset 5, -12
 107              		.cfi_offset 6, -8
 108              		.cfi_offset 14, -4
 109 0002 0500     		movs	r5, r0
 110              	.LVL8:
 111              	.LBB2:
  39:Generated_Source\PSoC4/NeoPixel_sled.c **** for( uint8_t bit =8 ; bit > 0 ; bit-- ) {
 112              		.loc 1 39 0
 113 0004 0824     		movs	r4, #8
 114 0006 09E0     		b	.L7
 115              	.LVL9:
 116              	.L8:
  40:Generated_Source\PSoC4/NeoPixel_sled.c ****     NeoPixel_sendBit( (byte>>bit)&0x01u );   ; // Neopixel wants bit in highest-to-lowest 
 117              		.loc 1 40 0 discriminator 3
 118 0008 2B00     		movs	r3, r5
 119 000a 2341     		asrs	r3, r3, r4
 120 000c 0120     		movs	r0, #1
 121 000e 1840     		ands	r0, r3
 122 0010 FFF7FEFF 		bl	NeoPixel_sendBit
 123              	.LVL10:
  41:Generated_Source\PSoC4/NeoPixel_sled.c ****     byte <<= 1;                            
 124              		.loc 1 41 0 discriminator 3
 125 0014 6D00     		lsls	r5, r5, #1
 126              	.LVL11:
 127 0016 EDB2     		uxtb	r5, r5
 128              	.LVL12:
  39:Generated_Source\PSoC4/NeoPixel_sled.c **** for( uint8_t bit =8 ; bit > 0 ; bit-- ) {
 129              		.loc 1 39 0 discriminator 3
ARM GAS  C:\Users\ADMIN\AppData\Local\Temp\cccKQWuW.s 			page 4


 130 0018 013C     		subs	r4, r4, #1
 131              	.LVL13:
 132 001a E4B2     		uxtb	r4, r4
 133              	.LVL14:
 134              	.L7:
  39:Generated_Source\PSoC4/NeoPixel_sled.c **** for( uint8_t bit =8 ; bit > 0 ; bit-- ) {
 135              		.loc 1 39 0 is_stmt 0 discriminator 1
 136 001c 002C     		cmp	r4, #0
 137 001e F3D1     		bne	.L8
 138              	.LBE2:
  42:Generated_Source\PSoC4/NeoPixel_sled.c ****   }
  43:Generated_Source\PSoC4/NeoPixel_sled.c **** }
 139              		.loc 1 43 0 is_stmt 1
 140              		@ sp needed
 141              	.LVL15:
 142              	.LVL16:
 143 0020 70BD     		pop	{r4, r5, r6, pc}
 144              		.cfi_endproc
 145              	.LFE1:
 146              		.size	NeoPixel_sendByte, .-NeoPixel_sendByte
 147 0022 C046     		.section	.text.NeoPixel_sendPixel,"ax",%progbits
 148              		.align	2
 149              		.global	NeoPixel_sendPixel
 150              		.code	16
 151              		.thumb_func
 152              		.type	NeoPixel_sendPixel, %function
 153              	NeoPixel_sendPixel:
 154              	.LFB2:
  44:Generated_Source\PSoC4/NeoPixel_sled.c **** 
  45:Generated_Source\PSoC4/NeoPixel_sled.c **** /*
  46:Generated_Source\PSoC4/NeoPixel_sled.c ****   The following three functions are the public API:  
  47:Generated_Source\PSoC4/NeoPixel_sled.c ****   ledSetup() - set up the pin that is connected to the string. Call once at the begining of the pro
  48:Generated_Source\PSoC4/NeoPixel_sled.c ****   sendPixel( r g , b ) - send a single pixel to the string. Call this once for each pixel in a fram
  49:Generated_Source\PSoC4/NeoPixel_sled.c ****   show() - show the recently sent pixel on the LEDs . Call once per frame.   
  50:Generated_Source\PSoC4/NeoPixel_sled.c **** */
  51:Generated_Source\PSoC4/NeoPixel_sled.c **** 
  52:Generated_Source\PSoC4/NeoPixel_sled.c **** void NeoPixel_sendPixel(uint8_t r, uint8_t g, uint8_t b)
  53:Generated_Source\PSoC4/NeoPixel_sled.c **** {
 155              		.loc 1 53 0
 156              		.cfi_startproc
 157              		@ args = 0, pretend = 0, frame = 0
 158              		@ frame_needed = 0, uses_anonymous_args = 0
 159              	.LVL17:
 160 0000 70B5     		push	{r4, r5, r6, lr}
 161              		.cfi_def_cfa_offset 16
 162              		.cfi_offset 4, -16
 163              		.cfi_offset 5, -12
 164              		.cfi_offset 6, -8
 165              		.cfi_offset 14, -4
 166 0002 0500     		movs	r5, r0
 167 0004 0C00     		movs	r4, r1
  54:Generated_Source\PSoC4/NeoPixel_sled.c ****   NeoPixel_sendByte(b); // Neopixel wants colors in green then red then blue order
 168              		.loc 1 54 0
 169 0006 1000     		movs	r0, r2
 170              	.LVL18:
 171 0008 FFF7FEFF 		bl	NeoPixel_sendByte
 172              	.LVL19:
ARM GAS  C:\Users\ADMIN\AppData\Local\Temp\cccKQWuW.s 			page 5


  55:Generated_Source\PSoC4/NeoPixel_sled.c ****   NeoPixel_sendByte(r);
 173              		.loc 1 55 0
 174 000c 2800     		movs	r0, r5
 175 000e FFF7FEFF 		bl	NeoPixel_sendByte
 176              	.LVL20:
  56:Generated_Source\PSoC4/NeoPixel_sled.c ****   NeoPixel_sendByte(g);
 177              		.loc 1 56 0
 178 0012 2000     		movs	r0, r4
 179 0014 FFF7FEFF 		bl	NeoPixel_sendByte
 180              	.LVL21:
  57:Generated_Source\PSoC4/NeoPixel_sled.c **** }
 181              		.loc 1 57 0
 182              		@ sp needed
 183 0018 70BD     		pop	{r4, r5, r6, pc}
 184              		.cfi_endproc
 185              	.LFE2:
 186              		.size	NeoPixel_sendPixel, .-NeoPixel_sendPixel
 187 001a C046     		.section	.text.NeoPixel_show,"ax",%progbits
 188              		.align	2
 189              		.global	NeoPixel_show
 190              		.code	16
 191              		.thumb_func
 192              		.type	NeoPixel_show, %function
 193              	NeoPixel_show:
 194              	.LFB3:
  58:Generated_Source\PSoC4/NeoPixel_sled.c **** 
  59:Generated_Source\PSoC4/NeoPixel_sled.c **** // Just wait long enough without sending any bots to cause the pixels to latch and display the last
  60:Generated_Source\PSoC4/NeoPixel_sled.c **** 
  61:Generated_Source\PSoC4/NeoPixel_sled.c **** void NeoPixel_show()
  62:Generated_Source\PSoC4/NeoPixel_sled.c **** {
 195              		.loc 1 62 0
 196              		.cfi_startproc
 197              		@ args = 0, pretend = 0, frame = 0
 198              		@ frame_needed = 0, uses_anonymous_args = 0
 199 0000 10B5     		push	{r4, lr}
 200              		.cfi_def_cfa_offset 8
 201              		.cfi_offset 4, -8
 202              		.cfi_offset 14, -4
  63:Generated_Source\PSoC4/NeoPixel_sled.c ****   CyDelayUs(RES ); // Round up since the delay must be _at_least_ this long (too short might not wo
 203              		.loc 1 63 0
 204 0002 8220     		movs	r0, #130
 205 0004 4000     		lsls	r0, r0, #1
 206 0006 FFF7FEFF 		bl	CyDelayUs
 207              	.LVL22:
  64:Generated_Source\PSoC4/NeoPixel_sled.c **** }
 208              		.loc 1 64 0
 209              		@ sp needed
 210 000a 10BD     		pop	{r4, pc}
 211              		.cfi_endproc
 212              	.LFE3:
 213              		.size	NeoPixel_show, .-NeoPixel_show
 214              		.section	.text.NeoPixel_Init,"ax",%progbits
 215              		.align	2
 216              		.global	NeoPixel_Init
 217              		.code	16
 218              		.thumb_func
 219              		.type	NeoPixel_Init, %function
ARM GAS  C:\Users\ADMIN\AppData\Local\Temp\cccKQWuW.s 			page 6


 220              	NeoPixel_Init:
 221              	.LFB4:
  65:Generated_Source\PSoC4/NeoPixel_sled.c **** 
  66:Generated_Source\PSoC4/NeoPixel_sled.c **** void NeoPixel_Init(void)
  67:Generated_Source\PSoC4/NeoPixel_sled.c **** {
 222              		.loc 1 67 0
 223              		.cfi_startproc
 224              		@ args = 0, pretend = 0, frame = 0
 225              		@ frame_needed = 0, uses_anonymous_args = 0
 226              		@ link register save eliminated.
  68:Generated_Source\PSoC4/NeoPixel_sled.c **** 
  69:Generated_Source\PSoC4/NeoPixel_sled.c **** }
 227              		.loc 1 69 0
 228              		@ sp needed
 229 0000 7047     		bx	lr
 230              		.cfi_endproc
 231              	.LFE4:
 232              		.size	NeoPixel_Init, .-NeoPixel_Init
 233 0002 C046     		.text
 234              	.Letext0:
 235              		.file 2 "c:\\program files (x86)\\cypress\\psoc creator\\4.4\\psoc creator\\import\\gnu\\arm\\5.4.
 236              		.file 3 "c:\\program files (x86)\\cypress\\psoc creator\\4.4\\psoc creator\\import\\gnu\\arm\\5.4.
 237              		.file 4 "Generated_Source\\PSoC4\\cytypes.h"
 238              		.file 5 "Generated_Source\\PSoC4\\CyLib.h"
 239              		.section	.debug_info,"",%progbits
 240              	.Ldebug_info0:
 241 0000 2B020000 		.4byte	0x22b
 242 0004 0400     		.2byte	0x4
 243 0006 00000000 		.4byte	.Ldebug_abbrev0
 244 000a 04       		.byte	0x4
 245 000b 01       		.uleb128 0x1
 246 000c F9000000 		.4byte	.LASF26
 247 0010 0C       		.byte	0xc
 248 0011 AD010000 		.4byte	.LASF27
 249 0015 FB010000 		.4byte	.LASF28
 250 0019 00000000 		.4byte	.Ldebug_ranges0+0
 251 001d 00000000 		.4byte	0
 252 0021 00000000 		.4byte	.Ldebug_line0
 253 0025 02       		.uleb128 0x2
 254 0026 04       		.byte	0x4
 255 0027 05       		.byte	0x5
 256 0028 696E7400 		.ascii	"int\000"
 257 002c 03       		.uleb128 0x3
 258 002d 04       		.byte	0x4
 259 002e 07       		.byte	0x7
 260 002f CD000000 		.4byte	.LASF0
 261 0033 03       		.uleb128 0x3
 262 0034 08       		.byte	0x8
 263 0035 05       		.byte	0x5
 264 0036 90010000 		.4byte	.LASF1
 265 003a 03       		.uleb128 0x3
 266 003b 08       		.byte	0x8
 267 003c 04       		.byte	0x4
 268 003d DD010000 		.4byte	.LASF2
 269 0041 03       		.uleb128 0x3
 270 0042 01       		.byte	0x1
 271 0043 06       		.byte	0x6
ARM GAS  C:\Users\ADMIN\AppData\Local\Temp\cccKQWuW.s 			page 7


 272 0044 E9010000 		.4byte	.LASF3
 273 0048 04       		.uleb128 0x4
 274 0049 06000000 		.4byte	.LASF10
 275 004d 02       		.byte	0x2
 276 004e 1D       		.byte	0x1d
 277 004f 53000000 		.4byte	0x53
 278 0053 03       		.uleb128 0x3
 279 0054 01       		.byte	0x1
 280 0055 08       		.byte	0x8
 281 0056 66000000 		.4byte	.LASF4
 282 005a 03       		.uleb128 0x3
 283 005b 02       		.byte	0x2
 284 005c 05       		.byte	0x5
 285 005d A3010000 		.4byte	.LASF5
 286 0061 03       		.uleb128 0x3
 287 0062 02       		.byte	0x2
 288 0063 07       		.byte	0x7
 289 0064 94000000 		.4byte	.LASF6
 290 0068 03       		.uleb128 0x3
 291 0069 04       		.byte	0x4
 292 006a 05       		.byte	0x5
 293 006b D4010000 		.4byte	.LASF7
 294 006f 03       		.uleb128 0x3
 295 0070 04       		.byte	0x4
 296 0071 07       		.byte	0x7
 297 0072 82000000 		.4byte	.LASF8
 298 0076 03       		.uleb128 0x3
 299 0077 08       		.byte	0x8
 300 0078 07       		.byte	0x7
 301 0079 DA000000 		.4byte	.LASF9
 302 007d 04       		.uleb128 0x4
 303 007e F1000000 		.4byte	.LASF11
 304 0082 03       		.byte	0x3
 305 0083 18       		.byte	0x18
 306 0084 48000000 		.4byte	0x48
 307 0088 05       		.uleb128 0x5
 308 0089 C6000000 		.4byte	.LASF12
 309 008d 04       		.byte	0x4
 310 008e FD01     		.2byte	0x1fd
 311 0090 6F000000 		.4byte	0x6f
 312 0094 03       		.uleb128 0x3
 313 0095 04       		.byte	0x4
 314 0096 04       		.byte	0x4
 315 0097 60000000 		.4byte	.LASF13
 316 009b 03       		.uleb128 0x3
 317 009c 08       		.byte	0x8
 318 009d 04       		.byte	0x4
 319 009e B5000000 		.4byte	.LASF14
 320 00a2 03       		.uleb128 0x3
 321 00a3 01       		.byte	0x1
 322 00a4 08       		.byte	0x8
 323 00a5 9E010000 		.4byte	.LASF15
 324 00a9 05       		.uleb128 0x5
 325 00aa 00000000 		.4byte	.LASF16
 326 00ae 04       		.byte	0x4
 327 00af A702     		.2byte	0x2a7
 328 00b1 B5000000 		.4byte	0xb5
ARM GAS  C:\Users\ADMIN\AppData\Local\Temp\cccKQWuW.s 			page 8


 329 00b5 06       		.uleb128 0x6
 330 00b6 88000000 		.4byte	0x88
 331 00ba 03       		.uleb128 0x3
 332 00bb 04       		.byte	0x4
 333 00bc 07       		.byte	0x7
 334 00bd 87010000 		.4byte	.LASF17
 335 00c1 07       		.uleb128 0x7
 336 00c2 4F000000 		.4byte	.LASF19
 337 00c6 01       		.byte	0x1
 338 00c7 14       		.byte	0x14
 339 00c8 00000000 		.4byte	.LFB0
 340 00cc 40000000 		.4byte	.LFE0-.LFB0
 341 00d0 01       		.uleb128 0x1
 342 00d1 9C       		.byte	0x9c
 343 00d2 1C010000 		.4byte	0x11c
 344 00d6 08       		.uleb128 0x8
 345 00d7 43000000 		.4byte	.LASF21
 346 00db 01       		.byte	0x1
 347 00dc 14       		.byte	0x14
 348 00dd 1C010000 		.4byte	0x11c
 349 00e1 00000000 		.4byte	.LLST0
 350 00e5 09       		.uleb128 0x9
 351 00e6 16000000 		.4byte	.LVL2
 352 00ea 18020000 		.4byte	0x218
 353 00ee F9000000 		.4byte	0xf9
 354 00f2 0A       		.uleb128 0xa
 355 00f3 01       		.uleb128 0x1
 356 00f4 50       		.byte	0x50
 357 00f5 02       		.uleb128 0x2
 358 00f6 75       		.byte	0x75
 359 00f7 00       		.sleb128 0
 360 00f8 00       		.byte	0
 361 00f9 09       		.uleb128 0x9
 362 00fa 22000000 		.4byte	.LVL3
 363 00fe 18020000 		.4byte	0x218
 364 0102 0C010000 		.4byte	0x10c
 365 0106 0A       		.uleb128 0xa
 366 0107 01       		.uleb128 0x1
 367 0108 50       		.byte	0x50
 368 0109 01       		.uleb128 0x1
 369 010a 31       		.byte	0x31
 370 010b 00       		.byte	0
 371 010c 0B       		.uleb128 0xb
 372 010d 3A000000 		.4byte	.LVL6
 373 0111 18020000 		.4byte	0x218
 374 0115 0A       		.uleb128 0xa
 375 0116 01       		.uleb128 0x1
 376 0117 50       		.byte	0x50
 377 0118 01       		.uleb128 0x1
 378 0119 31       		.byte	0x31
 379 011a 00       		.byte	0
 380 011b 00       		.byte	0
 381 011c 03       		.uleb128 0x3
 382 011d 01       		.byte	0x1
 383 011e 02       		.byte	0x2
 384 011f F5010000 		.4byte	.LASF18
 385 0123 07       		.uleb128 0x7
ARM GAS  C:\Users\ADMIN\AppData\Local\Temp\cccKQWuW.s 			page 9


 386 0124 1E000000 		.4byte	.LASF20
 387 0128 01       		.byte	0x1
 388 0129 25       		.byte	0x25
 389 012a 00000000 		.4byte	.LFB1
 390 012e 22000000 		.4byte	.LFE1-.LFB1
 391 0132 01       		.uleb128 0x1
 392 0133 9C       		.byte	0x9c
 393 0134 76010000 		.4byte	0x176
 394 0138 08       		.uleb128 0x8
 395 0139 4A000000 		.4byte	.LASF22
 396 013d 01       		.byte	0x1
 397 013e 25       		.byte	0x25
 398 013f 7D000000 		.4byte	0x7d
 399 0143 3A000000 		.4byte	.LLST1
 400 0147 0C       		.uleb128 0xc
 401 0148 04000000 		.4byte	.LBB2
 402 014c 1C000000 		.4byte	.LBE2-.LBB2
 403 0150 0D       		.uleb128 0xd
 404 0151 62697400 		.ascii	"bit\000"
 405 0155 01       		.byte	0x1
 406 0156 27       		.byte	0x27
 407 0157 7D000000 		.4byte	0x7d
 408 015b 63000000 		.4byte	.LLST2
 409 015f 0B       		.uleb128 0xb
 410 0160 14000000 		.4byte	.LVL10
 411 0164 C1000000 		.4byte	0xc1
 412 0168 0A       		.uleb128 0xa
 413 0169 01       		.uleb128 0x1
 414 016a 50       		.byte	0x50
 415 016b 07       		.uleb128 0x7
 416 016c 75       		.byte	0x75
 417 016d 00       		.sleb128 0
 418 016e 74       		.byte	0x74
 419 016f 00       		.sleb128 0
 420 0170 26       		.byte	0x26
 421 0171 31       		.byte	0x31
 422 0172 1A       		.byte	0x1a
 423 0173 00       		.byte	0
 424 0174 00       		.byte	0
 425 0175 00       		.byte	0
 426 0176 07       		.uleb128 0x7
 427 0177 30000000 		.4byte	.LASF23
 428 017b 01       		.byte	0x1
 429 017c 34       		.byte	0x34
 430 017d 00000000 		.4byte	.LFB2
 431 0181 1A000000 		.4byte	.LFE2-.LFB2
 432 0185 01       		.uleb128 0x1
 433 0186 9C       		.byte	0x9c
 434 0187 E0010000 		.4byte	0x1e0
 435 018b 0E       		.uleb128 0xe
 436 018c 7200     		.ascii	"r\000"
 437 018e 01       		.byte	0x1
 438 018f 34       		.byte	0x34
 439 0190 7D000000 		.4byte	0x7d
 440 0194 8D000000 		.4byte	.LLST3
 441 0198 0E       		.uleb128 0xe
 442 0199 6700     		.ascii	"g\000"
ARM GAS  C:\Users\ADMIN\AppData\Local\Temp\cccKQWuW.s 			page 10


 443 019b 01       		.byte	0x1
 444 019c 34       		.byte	0x34
 445 019d 7D000000 		.4byte	0x7d
 446 01a1 AE000000 		.4byte	.LLST4
 447 01a5 0E       		.uleb128 0xe
 448 01a6 6200     		.ascii	"b\000"
 449 01a8 01       		.byte	0x1
 450 01a9 34       		.byte	0x34
 451 01aa 7D000000 		.4byte	0x7d
 452 01ae CF000000 		.4byte	.LLST5
 453 01b2 0F       		.uleb128 0xf
 454 01b3 0C000000 		.4byte	.LVL19
 455 01b7 23010000 		.4byte	0x123
 456 01bb 09       		.uleb128 0x9
 457 01bc 12000000 		.4byte	.LVL20
 458 01c0 23010000 		.4byte	0x123
 459 01c4 CF010000 		.4byte	0x1cf
 460 01c8 0A       		.uleb128 0xa
 461 01c9 01       		.uleb128 0x1
 462 01ca 50       		.byte	0x50
 463 01cb 02       		.uleb128 0x2
 464 01cc 75       		.byte	0x75
 465 01cd 00       		.sleb128 0
 466 01ce 00       		.byte	0
 467 01cf 0B       		.uleb128 0xb
 468 01d0 18000000 		.4byte	.LVL21
 469 01d4 23010000 		.4byte	0x123
 470 01d8 0A       		.uleb128 0xa
 471 01d9 01       		.uleb128 0x1
 472 01da 50       		.byte	0x50
 473 01db 02       		.uleb128 0x2
 474 01dc 74       		.byte	0x74
 475 01dd 00       		.sleb128 0
 476 01de 00       		.byte	0
 477 01df 00       		.byte	0
 478 01e0 10       		.uleb128 0x10
 479 01e1 10000000 		.4byte	.LASF29
 480 01e5 01       		.byte	0x1
 481 01e6 3D       		.byte	0x3d
 482 01e7 00000000 		.4byte	.LFB3
 483 01eb 0C000000 		.4byte	.LFE3-.LFB3
 484 01ef 01       		.uleb128 0x1
 485 01f0 9C       		.byte	0x9c
 486 01f1 07020000 		.4byte	0x207
 487 01f5 0B       		.uleb128 0xb
 488 01f6 0A000000 		.4byte	.LVL22
 489 01fa 23020000 		.4byte	0x223
 490 01fe 0A       		.uleb128 0xa
 491 01ff 01       		.uleb128 0x1
 492 0200 50       		.byte	0x50
 493 0201 03       		.uleb128 0x3
 494 0202 0A       		.byte	0xa
 495 0203 0401     		.2byte	0x104
 496 0205 00       		.byte	0
 497 0206 00       		.byte	0
 498 0207 11       		.uleb128 0x11
 499 0208 A7000000 		.4byte	.LASF30
ARM GAS  C:\Users\ADMIN\AppData\Local\Temp\cccKQWuW.s 			page 11


 500 020c 01       		.byte	0x1
 501 020d 42       		.byte	0x42
 502 020e 00000000 		.4byte	.LFB4
 503 0212 02000000 		.4byte	.LFE4-.LFB4
 504 0216 01       		.uleb128 0x1
 505 0217 9C       		.byte	0x9c
 506 0218 12       		.uleb128 0x12
 507 0219 74000000 		.4byte	.LASF24
 508 021d 74000000 		.4byte	.LASF24
 509 0221 05       		.byte	0x5
 510 0222 EF       		.byte	0xef
 511 0223 12       		.uleb128 0x12
 512 0224 BC000000 		.4byte	.LASF25
 513 0228 BC000000 		.4byte	.LASF25
 514 022c 05       		.byte	0x5
 515 022d ED       		.byte	0xed
 516 022e 00       		.byte	0
 517              		.section	.debug_abbrev,"",%progbits
 518              	.Ldebug_abbrev0:
 519 0000 01       		.uleb128 0x1
 520 0001 11       		.uleb128 0x11
 521 0002 01       		.byte	0x1
 522 0003 25       		.uleb128 0x25
 523 0004 0E       		.uleb128 0xe
 524 0005 13       		.uleb128 0x13
 525 0006 0B       		.uleb128 0xb
 526 0007 03       		.uleb128 0x3
 527 0008 0E       		.uleb128 0xe
 528 0009 1B       		.uleb128 0x1b
 529 000a 0E       		.uleb128 0xe
 530 000b 55       		.uleb128 0x55
 531 000c 17       		.uleb128 0x17
 532 000d 11       		.uleb128 0x11
 533 000e 01       		.uleb128 0x1
 534 000f 10       		.uleb128 0x10
 535 0010 17       		.uleb128 0x17
 536 0011 00       		.byte	0
 537 0012 00       		.byte	0
 538 0013 02       		.uleb128 0x2
 539 0014 24       		.uleb128 0x24
 540 0015 00       		.byte	0
 541 0016 0B       		.uleb128 0xb
 542 0017 0B       		.uleb128 0xb
 543 0018 3E       		.uleb128 0x3e
 544 0019 0B       		.uleb128 0xb
 545 001a 03       		.uleb128 0x3
 546 001b 08       		.uleb128 0x8
 547 001c 00       		.byte	0
 548 001d 00       		.byte	0
 549 001e 03       		.uleb128 0x3
 550 001f 24       		.uleb128 0x24
 551 0020 00       		.byte	0
 552 0021 0B       		.uleb128 0xb
 553 0022 0B       		.uleb128 0xb
 554 0023 3E       		.uleb128 0x3e
 555 0024 0B       		.uleb128 0xb
 556 0025 03       		.uleb128 0x3
ARM GAS  C:\Users\ADMIN\AppData\Local\Temp\cccKQWuW.s 			page 12


 557 0026 0E       		.uleb128 0xe
 558 0027 00       		.byte	0
 559 0028 00       		.byte	0
 560 0029 04       		.uleb128 0x4
 561 002a 16       		.uleb128 0x16
 562 002b 00       		.byte	0
 563 002c 03       		.uleb128 0x3
 564 002d 0E       		.uleb128 0xe
 565 002e 3A       		.uleb128 0x3a
 566 002f 0B       		.uleb128 0xb
 567 0030 3B       		.uleb128 0x3b
 568 0031 0B       		.uleb128 0xb
 569 0032 49       		.uleb128 0x49
 570 0033 13       		.uleb128 0x13
 571 0034 00       		.byte	0
 572 0035 00       		.byte	0
 573 0036 05       		.uleb128 0x5
 574 0037 16       		.uleb128 0x16
 575 0038 00       		.byte	0
 576 0039 03       		.uleb128 0x3
 577 003a 0E       		.uleb128 0xe
 578 003b 3A       		.uleb128 0x3a
 579 003c 0B       		.uleb128 0xb
 580 003d 3B       		.uleb128 0x3b
 581 003e 05       		.uleb128 0x5
 582 003f 49       		.uleb128 0x49
 583 0040 13       		.uleb128 0x13
 584 0041 00       		.byte	0
 585 0042 00       		.byte	0
 586 0043 06       		.uleb128 0x6
 587 0044 35       		.uleb128 0x35
 588 0045 00       		.byte	0
 589 0046 49       		.uleb128 0x49
 590 0047 13       		.uleb128 0x13
 591 0048 00       		.byte	0
 592 0049 00       		.byte	0
 593 004a 07       		.uleb128 0x7
 594 004b 2E       		.uleb128 0x2e
 595 004c 01       		.byte	0x1
 596 004d 3F       		.uleb128 0x3f
 597 004e 19       		.uleb128 0x19
 598 004f 03       		.uleb128 0x3
 599 0050 0E       		.uleb128 0xe
 600 0051 3A       		.uleb128 0x3a
 601 0052 0B       		.uleb128 0xb
 602 0053 3B       		.uleb128 0x3b
 603 0054 0B       		.uleb128 0xb
 604 0055 27       		.uleb128 0x27
 605 0056 19       		.uleb128 0x19
 606 0057 11       		.uleb128 0x11
 607 0058 01       		.uleb128 0x1
 608 0059 12       		.uleb128 0x12
 609 005a 06       		.uleb128 0x6
 610 005b 40       		.uleb128 0x40
 611 005c 18       		.uleb128 0x18
 612 005d 9742     		.uleb128 0x2117
 613 005f 19       		.uleb128 0x19
ARM GAS  C:\Users\ADMIN\AppData\Local\Temp\cccKQWuW.s 			page 13


 614 0060 01       		.uleb128 0x1
 615 0061 13       		.uleb128 0x13
 616 0062 00       		.byte	0
 617 0063 00       		.byte	0
 618 0064 08       		.uleb128 0x8
 619 0065 05       		.uleb128 0x5
 620 0066 00       		.byte	0
 621 0067 03       		.uleb128 0x3
 622 0068 0E       		.uleb128 0xe
 623 0069 3A       		.uleb128 0x3a
 624 006a 0B       		.uleb128 0xb
 625 006b 3B       		.uleb128 0x3b
 626 006c 0B       		.uleb128 0xb
 627 006d 49       		.uleb128 0x49
 628 006e 13       		.uleb128 0x13
 629 006f 02       		.uleb128 0x2
 630 0070 17       		.uleb128 0x17
 631 0071 00       		.byte	0
 632 0072 00       		.byte	0
 633 0073 09       		.uleb128 0x9
 634 0074 898201   		.uleb128 0x4109
 635 0077 01       		.byte	0x1
 636 0078 11       		.uleb128 0x11
 637 0079 01       		.uleb128 0x1
 638 007a 31       		.uleb128 0x31
 639 007b 13       		.uleb128 0x13
 640 007c 01       		.uleb128 0x1
 641 007d 13       		.uleb128 0x13
 642 007e 00       		.byte	0
 643 007f 00       		.byte	0
 644 0080 0A       		.uleb128 0xa
 645 0081 8A8201   		.uleb128 0x410a
 646 0084 00       		.byte	0
 647 0085 02       		.uleb128 0x2
 648 0086 18       		.uleb128 0x18
 649 0087 9142     		.uleb128 0x2111
 650 0089 18       		.uleb128 0x18
 651 008a 00       		.byte	0
 652 008b 00       		.byte	0
 653 008c 0B       		.uleb128 0xb
 654 008d 898201   		.uleb128 0x4109
 655 0090 01       		.byte	0x1
 656 0091 11       		.uleb128 0x11
 657 0092 01       		.uleb128 0x1
 658 0093 31       		.uleb128 0x31
 659 0094 13       		.uleb128 0x13
 660 0095 00       		.byte	0
 661 0096 00       		.byte	0
 662 0097 0C       		.uleb128 0xc
 663 0098 0B       		.uleb128 0xb
 664 0099 01       		.byte	0x1
 665 009a 11       		.uleb128 0x11
 666 009b 01       		.uleb128 0x1
 667 009c 12       		.uleb128 0x12
 668 009d 06       		.uleb128 0x6
 669 009e 00       		.byte	0
 670 009f 00       		.byte	0
ARM GAS  C:\Users\ADMIN\AppData\Local\Temp\cccKQWuW.s 			page 14


 671 00a0 0D       		.uleb128 0xd
 672 00a1 34       		.uleb128 0x34
 673 00a2 00       		.byte	0
 674 00a3 03       		.uleb128 0x3
 675 00a4 08       		.uleb128 0x8
 676 00a5 3A       		.uleb128 0x3a
 677 00a6 0B       		.uleb128 0xb
 678 00a7 3B       		.uleb128 0x3b
 679 00a8 0B       		.uleb128 0xb
 680 00a9 49       		.uleb128 0x49
 681 00aa 13       		.uleb128 0x13
 682 00ab 02       		.uleb128 0x2
 683 00ac 17       		.uleb128 0x17
 684 00ad 00       		.byte	0
 685 00ae 00       		.byte	0
 686 00af 0E       		.uleb128 0xe
 687 00b0 05       		.uleb128 0x5
 688 00b1 00       		.byte	0
 689 00b2 03       		.uleb128 0x3
 690 00b3 08       		.uleb128 0x8
 691 00b4 3A       		.uleb128 0x3a
 692 00b5 0B       		.uleb128 0xb
 693 00b6 3B       		.uleb128 0x3b
 694 00b7 0B       		.uleb128 0xb
 695 00b8 49       		.uleb128 0x49
 696 00b9 13       		.uleb128 0x13
 697 00ba 02       		.uleb128 0x2
 698 00bb 17       		.uleb128 0x17
 699 00bc 00       		.byte	0
 700 00bd 00       		.byte	0
 701 00be 0F       		.uleb128 0xf
 702 00bf 898201   		.uleb128 0x4109
 703 00c2 00       		.byte	0
 704 00c3 11       		.uleb128 0x11
 705 00c4 01       		.uleb128 0x1
 706 00c5 31       		.uleb128 0x31
 707 00c6 13       		.uleb128 0x13
 708 00c7 00       		.byte	0
 709 00c8 00       		.byte	0
 710 00c9 10       		.uleb128 0x10
 711 00ca 2E       		.uleb128 0x2e
 712 00cb 01       		.byte	0x1
 713 00cc 3F       		.uleb128 0x3f
 714 00cd 19       		.uleb128 0x19
 715 00ce 03       		.uleb128 0x3
 716 00cf 0E       		.uleb128 0xe
 717 00d0 3A       		.uleb128 0x3a
 718 00d1 0B       		.uleb128 0xb
 719 00d2 3B       		.uleb128 0x3b
 720 00d3 0B       		.uleb128 0xb
 721 00d4 11       		.uleb128 0x11
 722 00d5 01       		.uleb128 0x1
 723 00d6 12       		.uleb128 0x12
 724 00d7 06       		.uleb128 0x6
 725 00d8 40       		.uleb128 0x40
 726 00d9 18       		.uleb128 0x18
 727 00da 9742     		.uleb128 0x2117
ARM GAS  C:\Users\ADMIN\AppData\Local\Temp\cccKQWuW.s 			page 15


 728 00dc 19       		.uleb128 0x19
 729 00dd 01       		.uleb128 0x1
 730 00de 13       		.uleb128 0x13
 731 00df 00       		.byte	0
 732 00e0 00       		.byte	0
 733 00e1 11       		.uleb128 0x11
 734 00e2 2E       		.uleb128 0x2e
 735 00e3 00       		.byte	0
 736 00e4 3F       		.uleb128 0x3f
 737 00e5 19       		.uleb128 0x19
 738 00e6 03       		.uleb128 0x3
 739 00e7 0E       		.uleb128 0xe
 740 00e8 3A       		.uleb128 0x3a
 741 00e9 0B       		.uleb128 0xb
 742 00ea 3B       		.uleb128 0x3b
 743 00eb 0B       		.uleb128 0xb
 744 00ec 27       		.uleb128 0x27
 745 00ed 19       		.uleb128 0x19
 746 00ee 11       		.uleb128 0x11
 747 00ef 01       		.uleb128 0x1
 748 00f0 12       		.uleb128 0x12
 749 00f1 06       		.uleb128 0x6
 750 00f2 40       		.uleb128 0x40
 751 00f3 18       		.uleb128 0x18
 752 00f4 9742     		.uleb128 0x2117
 753 00f6 19       		.uleb128 0x19
 754 00f7 00       		.byte	0
 755 00f8 00       		.byte	0
 756 00f9 12       		.uleb128 0x12
 757 00fa 2E       		.uleb128 0x2e
 758 00fb 00       		.byte	0
 759 00fc 3F       		.uleb128 0x3f
 760 00fd 19       		.uleb128 0x19
 761 00fe 3C       		.uleb128 0x3c
 762 00ff 19       		.uleb128 0x19
 763 0100 6E       		.uleb128 0x6e
 764 0101 0E       		.uleb128 0xe
 765 0102 03       		.uleb128 0x3
 766 0103 0E       		.uleb128 0xe
 767 0104 3A       		.uleb128 0x3a
 768 0105 0B       		.uleb128 0xb
 769 0106 3B       		.uleb128 0x3b
 770 0107 0B       		.uleb128 0xb
 771 0108 00       		.byte	0
 772 0109 00       		.byte	0
 773 010a 00       		.byte	0
 774              		.section	.debug_loc,"",%progbits
 775              	.Ldebug_loc0:
 776              	.LLST0:
 777 0000 00000000 		.4byte	.LVL0
 778 0004 12000000 		.4byte	.LVL1
 779 0008 0100     		.2byte	0x1
 780 000a 50       		.byte	0x50
 781 000b 12000000 		.4byte	.LVL1
 782 000f 24000000 		.4byte	.LVL4
 783 0013 0400     		.2byte	0x4
 784 0015 F3       		.byte	0xf3
ARM GAS  C:\Users\ADMIN\AppData\Local\Temp\cccKQWuW.s 			page 16


 785 0016 01       		.uleb128 0x1
 786 0017 50       		.byte	0x50
 787 0018 9F       		.byte	0x9f
 788 0019 24000000 		.4byte	.LVL4
 789 001d 36000000 		.4byte	.LVL5
 790 0021 0100     		.2byte	0x1
 791 0023 50       		.byte	0x50
 792 0024 36000000 		.4byte	.LVL5
 793 0028 40000000 		.4byte	.LFE0
 794 002c 0400     		.2byte	0x4
 795 002e F3       		.byte	0xf3
 796 002f 01       		.uleb128 0x1
 797 0030 50       		.byte	0x50
 798 0031 9F       		.byte	0x9f
 799 0032 00000000 		.4byte	0
 800 0036 00000000 		.4byte	0
 801              	.LLST1:
 802 003a 00000000 		.4byte	.LVL7
 803 003e 08000000 		.4byte	.LVL9
 804 0042 0100     		.2byte	0x1
 805 0044 50       		.byte	0x50
 806 0045 08000000 		.4byte	.LVL9
 807 0049 16000000 		.4byte	.LVL11
 808 004d 0100     		.2byte	0x1
 809 004f 55       		.byte	0x55
 810 0050 18000000 		.4byte	.LVL12
 811 0054 20000000 		.4byte	.LVL16
 812 0058 0100     		.2byte	0x1
 813 005a 55       		.byte	0x55
 814 005b 00000000 		.4byte	0
 815 005f 00000000 		.4byte	0
 816              	.LLST2:
 817 0063 04000000 		.4byte	.LVL8
 818 0067 08000000 		.4byte	.LVL9
 819 006b 0200     		.2byte	0x2
 820 006d 38       		.byte	0x38
 821 006e 9F       		.byte	0x9f
 822 006f 08000000 		.4byte	.LVL9
 823 0073 1A000000 		.4byte	.LVL13
 824 0077 0100     		.2byte	0x1
 825 0079 54       		.byte	0x54
 826 007a 1C000000 		.4byte	.LVL14
 827 007e 20000000 		.4byte	.LVL15
 828 0082 0100     		.2byte	0x1
 829 0084 54       		.byte	0x54
 830 0085 00000000 		.4byte	0
 831 0089 00000000 		.4byte	0
 832              	.LLST3:
 833 008d 00000000 		.4byte	.LVL17
 834 0091 08000000 		.4byte	.LVL18
 835 0095 0100     		.2byte	0x1
 836 0097 50       		.byte	0x50
 837 0098 08000000 		.4byte	.LVL18
 838 009c 1A000000 		.4byte	.LFE2
 839 00a0 0400     		.2byte	0x4
 840 00a2 F3       		.byte	0xf3
 841 00a3 01       		.uleb128 0x1
ARM GAS  C:\Users\ADMIN\AppData\Local\Temp\cccKQWuW.s 			page 17


 842 00a4 50       		.byte	0x50
 843 00a5 9F       		.byte	0x9f
 844 00a6 00000000 		.4byte	0
 845 00aa 00000000 		.4byte	0
 846              	.LLST4:
 847 00ae 00000000 		.4byte	.LVL17
 848 00b2 0B000000 		.4byte	.LVL19-1
 849 00b6 0100     		.2byte	0x1
 850 00b8 51       		.byte	0x51
 851 00b9 0B000000 		.4byte	.LVL19-1
 852 00bd 1A000000 		.4byte	.LFE2
 853 00c1 0400     		.2byte	0x4
 854 00c3 F3       		.byte	0xf3
 855 00c4 01       		.uleb128 0x1
 856 00c5 51       		.byte	0x51
 857 00c6 9F       		.byte	0x9f
 858 00c7 00000000 		.4byte	0
 859 00cb 00000000 		.4byte	0
 860              	.LLST5:
 861 00cf 00000000 		.4byte	.LVL17
 862 00d3 0B000000 		.4byte	.LVL19-1
 863 00d7 0100     		.2byte	0x1
 864 00d9 52       		.byte	0x52
 865 00da 0B000000 		.4byte	.LVL19-1
 866 00de 1A000000 		.4byte	.LFE2
 867 00e2 0400     		.2byte	0x4
 868 00e4 F3       		.byte	0xf3
 869 00e5 01       		.uleb128 0x1
 870 00e6 52       		.byte	0x52
 871 00e7 9F       		.byte	0x9f
 872 00e8 00000000 		.4byte	0
 873 00ec 00000000 		.4byte	0
 874              		.section	.debug_aranges,"",%progbits
 875 0000 3C000000 		.4byte	0x3c
 876 0004 0200     		.2byte	0x2
 877 0006 00000000 		.4byte	.Ldebug_info0
 878 000a 04       		.byte	0x4
 879 000b 00       		.byte	0
 880 000c 0000     		.2byte	0
 881 000e 0000     		.2byte	0
 882 0010 00000000 		.4byte	.LFB0
 883 0014 40000000 		.4byte	.LFE0-.LFB0
 884 0018 00000000 		.4byte	.LFB1
 885 001c 22000000 		.4byte	.LFE1-.LFB1
 886 0020 00000000 		.4byte	.LFB2
 887 0024 1A000000 		.4byte	.LFE2-.LFB2
 888 0028 00000000 		.4byte	.LFB3
 889 002c 0C000000 		.4byte	.LFE3-.LFB3
 890 0030 00000000 		.4byte	.LFB4
 891 0034 02000000 		.4byte	.LFE4-.LFB4
 892 0038 00000000 		.4byte	0
 893 003c 00000000 		.4byte	0
 894              		.section	.debug_ranges,"",%progbits
 895              	.Ldebug_ranges0:
 896 0000 00000000 		.4byte	.LFB0
 897 0004 40000000 		.4byte	.LFE0
 898 0008 00000000 		.4byte	.LFB1
ARM GAS  C:\Users\ADMIN\AppData\Local\Temp\cccKQWuW.s 			page 18


 899 000c 22000000 		.4byte	.LFE1
 900 0010 00000000 		.4byte	.LFB2
 901 0014 1A000000 		.4byte	.LFE2
 902 0018 00000000 		.4byte	.LFB3
 903 001c 0C000000 		.4byte	.LFE3
 904 0020 00000000 		.4byte	.LFB4
 905 0024 02000000 		.4byte	.LFE4
 906 0028 00000000 		.4byte	0
 907 002c 00000000 		.4byte	0
 908              		.section	.debug_line,"",%progbits
 909              	.Ldebug_line0:
 910 0000 CC010000 		.section	.debug_str,"MS",%progbits,1
 910      02005201 
 910      00000201 
 910      FB0E0D00 
 910      01010101 
 911              	.LASF16:
 912 0000 72656733 		.ascii	"reg32\000"
 912      3200
 913              	.LASF10:
 914 0006 5F5F7569 		.ascii	"__uint8_t\000"
 914      6E74385F 
 914      7400
 915              	.LASF29:
 916 0010 4E656F50 		.ascii	"NeoPixel_show\000"
 916      6978656C 
 916      5F73686F 
 916      7700
 917              	.LASF20:
 918 001e 4E656F50 		.ascii	"NeoPixel_sendByte\000"
 918      6978656C 
 918      5F73656E 
 918      64427974 
 918      6500
 919              	.LASF23:
 920 0030 4E656F50 		.ascii	"NeoPixel_sendPixel\000"
 920      6978656C 
 920      5F73656E 
 920      64506978 
 920      656C00
 921              	.LASF21:
 922 0043 62697456 		.ascii	"bitVal\000"
 922      616C00
 923              	.LASF22:
 924 004a 62797465 		.ascii	"byte\000"
 924      00
 925              	.LASF19:
 926 004f 4E656F50 		.ascii	"NeoPixel_sendBit\000"
 926      6978656C 
 926      5F73656E 
 926      64426974 
 926      00
 927              	.LASF13:
 928 0060 666C6F61 		.ascii	"float\000"
 928      7400
 929              	.LASF4:
 930 0066 756E7369 		.ascii	"unsigned char\000"
ARM GAS  C:\Users\ADMIN\AppData\Local\Temp\cccKQWuW.s 			page 19


 930      676E6564 
 930      20636861 
 930      7200
 931              	.LASF24:
 932 0074 43794465 		.ascii	"CyDelayCycles\000"
 932      6C617943 
 932      79636C65 
 932      7300
 933              	.LASF8:
 934 0082 6C6F6E67 		.ascii	"long unsigned int\000"
 934      20756E73 
 934      69676E65 
 934      6420696E 
 934      7400
 935              	.LASF6:
 936 0094 73686F72 		.ascii	"short unsigned int\000"
 936      7420756E 
 936      7369676E 
 936      65642069 
 936      6E7400
 937              	.LASF30:
 938 00a7 4E656F50 		.ascii	"NeoPixel_Init\000"
 938      6978656C 
 938      5F496E69 
 938      7400
 939              	.LASF14:
 940 00b5 646F7562 		.ascii	"double\000"
 940      6C6500
 941              	.LASF25:
 942 00bc 43794465 		.ascii	"CyDelayUs\000"
 942      6C617955 
 942      7300
 943              	.LASF12:
 944 00c6 75696E74 		.ascii	"uint32\000"
 944      333200
 945              	.LASF0:
 946 00cd 756E7369 		.ascii	"unsigned int\000"
 946      676E6564 
 946      20696E74 
 946      00
 947              	.LASF9:
 948 00da 6C6F6E67 		.ascii	"long long unsigned int\000"
 948      206C6F6E 
 948      6720756E 
 948      7369676E 
 948      65642069 
 949              	.LASF11:
 950 00f1 75696E74 		.ascii	"uint8_t\000"
 950      385F7400 
 951              	.LASF26:
 952 00f9 474E5520 		.ascii	"GNU C11 5.4.1 20160609 (release) [ARM/embedded-5-br"
 952      43313120 
 952      352E342E 
 952      31203230 
 952      31363036 
 953 012c 616E6368 		.ascii	"anch revision 237715] -mcpu=cortex-m0 -mthumb -g -O"
 953      20726576 
ARM GAS  C:\Users\ADMIN\AppData\Local\Temp\cccKQWuW.s 			page 20


 953      6973696F 
 953      6E203233 
 953      37373135 
 954 015f 67202D66 		.ascii	"g -ffunction-sections -ffat-lto-objects\000"
 954      66756E63 
 954      74696F6E 
 954      2D736563 
 954      74696F6E 
 955              	.LASF17:
 956 0187 73697A65 		.ascii	"sizetype\000"
 956      74797065 
 956      00
 957              	.LASF1:
 958 0190 6C6F6E67 		.ascii	"long long int\000"
 958      206C6F6E 
 958      6720696E 
 958      7400
 959              	.LASF15:
 960 019e 63686172 		.ascii	"char\000"
 960      00
 961              	.LASF5:
 962 01a3 73686F72 		.ascii	"short int\000"
 962      7420696E 
 962      7400
 963              	.LASF27:
 964 01ad 47656E65 		.ascii	"Generated_Source\\PSoC4\\NeoPixel_sled.c\000"
 964      72617465 
 964      645F536F 
 964      75726365 
 964      5C50536F 
 965              	.LASF7:
 966 01d4 6C6F6E67 		.ascii	"long int\000"
 966      20696E74 
 966      00
 967              	.LASF2:
 968 01dd 6C6F6E67 		.ascii	"long double\000"
 968      20646F75 
 968      626C6500 
 969              	.LASF3:
 970 01e9 7369676E 		.ascii	"signed char\000"
 970      65642063 
 970      68617200 
 971              	.LASF18:
 972 01f5 5F426F6F 		.ascii	"_Bool\000"
 972      6C00
 973              	.LASF28:
 974 01fb 433A5C55 		.ascii	"C:\\Users\\ADMIN\\Documents\\Sorting-project\\MandM"
 974      73657273 
 974      5C41444D 
 974      494E5C44 
 974      6F63756D 
 975 0229 732D736F 		.ascii	"s-sorting.cydsn\000"
 975      7274696E 
 975      672E6379 
 975      64736E00 
 976              		.ident	"GCC: (GNU Tools for ARM Embedded Processors) 5.4.1 20160609 (release) [ARM/embedded-5-bran
