ARM GAS  C:\Users\ADMIN\AppData\Local\Temp\ccWtGHBy.s 			page 1


   1              		.syntax unified
   2              		.cpu cortex-m0
   3              		.fpu softvfp
   4              		.eabi_attribute 20, 1
   5              		.eabi_attribute 21, 1
   6              		.eabi_attribute 23, 3
   7              		.eabi_attribute 24, 1
   8              		.eabi_attribute 25, 1
   9              		.eabi_attribute 26, 1
  10              		.eabi_attribute 30, 1
  11              		.eabi_attribute 34, 0
  12              		.eabi_attribute 18, 4
  13              		.thumb
  14              		.syntax unified
  15              		.file	"learn_color.c"
  16              		.text
  17              	.Ltext0:
  18              		.cfi_sections	.debug_frame
  19              		.section	.text.compare_to_none_color,"ax",%progbits
  20              		.align	2
  21              		.global	compare_to_none_color
  22              		.code	16
  23              		.thumb_func
  24              		.type	compare_to_none_color, %function
  25              	compare_to_none_color:
  26              	.LFB36:
  27              		.file 1 "learn_color.c"
   1:learn_color.c **** /* ========================================
   2:learn_color.c ****  *
   3:learn_color.c ****  * Copyright YOUR COMPANY, THE YEAR
   4:learn_color.c ****  * All Rights Reserved
   5:learn_color.c ****  * UNPUBLISHED, LICENSED SOFTWARE.
   6:learn_color.c ****  *
   7:learn_color.c ****  * CONFIDENTIAL AND PROPRIETARY INFORMATION
   8:learn_color.c ****  * WHICH IS THE PROPERTY OF your company.
   9:learn_color.c ****  *
  10:learn_color.c ****  * ========================================
  11:learn_color.c **** */
  12:learn_color.c **** 
  13:learn_color.c **** /* [] END OF FILE */
  14:learn_color.c **** #include "learn_color.h"
  15:learn_color.c **** #include "main.h"
  16:learn_color.c **** 
  17:learn_color.c **** //new
  18:learn_color.c **** bool button_pushed = false;
  19:learn_color.c **** 
  20:learn_color.c **** int min_none_color[3] = {255, 255, 255};
  21:learn_color.c **** int max_none_color[3] = {0, 0, 0};
  22:learn_color.c **** 
  23:learn_color.c **** 
  24:learn_color.c **** //int min_rgb[3] = {255, 255, 255};
  25:learn_color.c **** //int max_rgb[3] = {0, 0, 0};
  26:learn_color.c **** //int mid_rgb[3];
  27:learn_color.c **** //
  28:learn_color.c **** 
  29:learn_color.c **** /*
  30:learn_color.c **** void fill_boundaries(){
ARM GAS  C:\Users\ADMIN\AppData\Local\Temp\ccWtGHBy.s 			page 2


  31:learn_color.c ****     
  32:learn_color.c ****     for(size_t i; i<6; i++){
  33:learn_color.c ****         for (size_t j; j<3; j++){
  34:learn_color.c ****             boundaries[i].min_rgb[j] = 255;
  35:learn_color.c ****             boundaries[i].max_rgb[j] = 0;
  36:learn_color.c ****         }
  37:learn_color.c ****         
  38:learn_color.c ****     }
  39:learn_color.c ****     
  40:learn_color.c ****     boundaries[0].min_rgb[0] = 1;
  41:learn_color.c ****     boundaries[0].min_rgb[1] = 1;
  42:learn_color.c ****     boundaries[0].min_rgb[2] = 1;
  43:learn_color.c ****     
  44:learn_color.c ****     boundaries[0].max_rgb[0] = 1;
  45:learn_color.c ****     boundaries[0].max_rgb[1] = 1;
  46:learn_color.c ****     boundaries[0].max_rgb[2] = 1;
  47:learn_color.c ****     
  48:learn_color.c ****     
  49:learn_color.c **** }
  50:learn_color.c **** */
  51:learn_color.c **** 
  52:learn_color.c **** int analyze_measurement_boundaries(int min_rgb[3], int max_rgb[3], bool none_col, int count_setting
  53:learn_color.c ****     
  54:learn_color.c ****     int color[3];
  55:learn_color.c ****     
  56:learn_color.c ****     //int all_measurements[MAX_NUM_TO_MEASURE][3];
  57:learn_color.c ****     
  58:learn_color.c ****     sprintf(str, "none %d", none_col);
  59:learn_color.c ****     //print(str);
  60:learn_color.c ****     
  61:learn_color.c ****     sprintf(str, "settings %d", count_settings);
  62:learn_color.c ****     //print(str);    
  63:learn_color.c ****     
  64:learn_color.c ****     size_t curr_num = 0;
  65:learn_color.c ****     
  66:learn_color.c ****     if(!button_pushed){
  67:learn_color.c ****         return 0;
  68:learn_color.c ****     }
  69:learn_color.c ****     
  70:learn_color.c ****     PWM_Container_WriteCompare(1);
  71:learn_color.c ****     
  72:learn_color.c ****     size_t max_num_to_measure = none_col ? MAX_NUM_TO_MEASURE_NONE : MAX_NUM_TO_MEASURE;
  73:learn_color.c ****     
  74:learn_color.c ****     if (!none_col){
  75:learn_color.c ****         OpenCloseTestGates(count_settings, true);
  76:learn_color.c ****     }
  77:learn_color.c ****     
  78:learn_color.c ****     int count_not_none = 0;
  79:learn_color.c ****    
  80:learn_color.c ****     
  81:learn_color.c ****     while(curr_num < max_num_to_measure){
  82:learn_color.c ****         getRGB(&color[0], &color[1], &color[2]);
  83:learn_color.c ****         sprintf(str, "r %d | g %d | b %d", color[0], color[1], color[2]);
  84:learn_color.c ****         print(str);
  85:learn_color.c ****         
  86:learn_color.c ****         
  87:learn_color.c ****         if (none_col == false && compare_to_none_color(color)){
ARM GAS  C:\Users\ADMIN\AppData\Local\Temp\ccWtGHBy.s 			page 3


  88:learn_color.c ****             sprintf(str, "SOS");
  89:learn_color.c ****             print(str);
  90:learn_color.c ****             count_not_none = 0;
  91:learn_color.c ****             continue;
  92:learn_color.c ****             
  93:learn_color.c ****         }
  94:learn_color.c ****         
  95:learn_color.c ****         sprintf(str, "r %d | g %d | b %d", color[0], color[1], color[2]);
  96:learn_color.c ****         //print(str);
  97:learn_color.c ****         
  98:learn_color.c ****         count_not_none += 1;
  99:learn_color.c ****         if (count_not_none == 3 || count_not_none == 4 || none_col == true){
 100:learn_color.c ****             
 101:learn_color.c ****             for (size_t i = 0; i<3; i++){
 102:learn_color.c ****             
 103:learn_color.c ****                 sprintf(str, "check %d", 0);
 104:learn_color.c ****                 //print(str);
 105:learn_color.c ****                 if (color[i] < min_rgb[i]){
 106:learn_color.c ****                     sprintf(str, "check %d", 1);
 107:learn_color.c ****                     //print(str);
 108:learn_color.c ****                     min_rgb[i] = color[i];
 109:learn_color.c ****                 }
 110:learn_color.c ****                 if (color[i] > max_rgb[i]){
 111:learn_color.c ****                     sprintf(str, "check %d", 2);
 112:learn_color.c ****                     //print(str);
 113:learn_color.c ****                     max_rgb[i] = color[i];
 114:learn_color.c ****                 }
 115:learn_color.c ****                 
 116:learn_color.c ****                 //all_measurements[curr_num][i] = color[i];
 117:learn_color.c ****             }
 118:learn_color.c ****             curr_num += 2;
 119:learn_color.c ****         }
 120:learn_color.c ****         
 121:learn_color.c ****         
 122:learn_color.c ****         
 123:learn_color.c ****         
 124:learn_color.c ****     }
 125:learn_color.c ****     
 126:learn_color.c ****     
 127:learn_color.c ****     button_pushed = false;
 128:learn_color.c ****     CyDelay(2000);
 129:learn_color.c ****     
 130:learn_color.c ****     if (!none_col){
 131:learn_color.c ****         OpenCloseTestGates(count_settings, false);
 132:learn_color.c ****     }
 133:learn_color.c ****     
 134:learn_color.c ****     PWM_Container_WriteCompare(0);
 135:learn_color.c ****     
 136:learn_color.c ****     
 137:learn_color.c ****     if(none_col){
 138:learn_color.c ****         sprintf(str, "NONE");
 139:learn_color.c ****         print(str);
 140:learn_color.c ****         for (size_t i = 0; i<3; i++){
 141:learn_color.c ****             min_rgb[i] -= 5;
 142:learn_color.c ****             max_rgb[i] += 5;
 143:learn_color.c ****         }
 144:learn_color.c ****     } else{;
ARM GAS  C:\Users\ADMIN\AppData\Local\Temp\ccWtGHBy.s 			page 4


 145:learn_color.c ****         for (size_t i = 0; i<3; i++){
 146:learn_color.c ****             min_rgb[i] -= 2;
 147:learn_color.c ****             max_rgb[i] += 2;
 148:learn_color.c ****         }
 149:learn_color.c ****     }
 150:learn_color.c ****     
 151:learn_color.c ****     //for (size_t i; i < curr_num; i++){
 152:learn_color.c ****       //  sprintf(str, "r %d | g %d | b %d", all_measurements[i][0], all_measurements[i][1], all_me
 153:learn_color.c ****      //   print(str);
 154:learn_color.c ****     //}
 155:learn_color.c ****     
 156:learn_color.c ****     sprintf(str, "min r %d | g %d | b %d", min_rgb[0], min_rgb[1], min_rgb[2]);
 157:learn_color.c ****     print(str);
 158:learn_color.c ****     
 159:learn_color.c ****     sprintf(str, "max r %d | g %d | b %d", max_rgb[0], max_rgb[1], max_rgb[2]);
 160:learn_color.c ****     print(str);
 161:learn_color.c ****     
 162:learn_color.c ****     //CyDelay(10000);
 163:learn_color.c ****     return 0;
 164:learn_color.c ****     //total sum of color measurements
 165:learn_color.c ****     //for (size_t i; i <= curr_num; i++){
 166:learn_color.c ****       //  for (size_t j; j < 3; j++){
 167:learn_color.c ****         //    mid_rgb[j] += all_measurements[i][j];
 168:learn_color.c ****         //}
 169:learn_color.c ****     //}
 170:learn_color.c ****     //find the average
 171:learn_color.c ****     //for (size_t i; i < 3; i++){
 172:learn_color.c ****       //  mid_rgb[i] /= curr_num+1;
 173:learn_color.c ****     //}
 174:learn_color.c **** 
 175:learn_color.c **** }
 176:learn_color.c **** 
 177:learn_color.c **** void analyze_measurement_boundaries_none(int min_rgb[3], int max_rgb[3]){
 178:learn_color.c ****     analyze_measurement_boundaries(min_rgb, max_rgb, true, 0);
 179:learn_color.c **** }
 180:learn_color.c **** void analyze_measurement_boundaries_color(int min_rgb[3], int max_rgb[3], int count_settings){
 181:learn_color.c ****     analyze_measurement_boundaries(min_rgb, max_rgb, false, count_settings);
 182:learn_color.c **** }
 183:learn_color.c **** 
 184:learn_color.c **** //true if color == none
 185:learn_color.c **** bool compare_to_none_color(int color[3]){
  28              		.loc 1 185 0
  29              		.cfi_startproc
  30              		@ args = 0, pretend = 0, frame = 0
  31              		@ frame_needed = 0, uses_anonymous_args = 0
  32              	.LVL0:
  33 0000 10B5     		push	{r4, lr}
  34              		.cfi_def_cfa_offset 8
  35              		.cfi_offset 4, -8
  36              		.cfi_offset 14, -4
  37              	.LVL1:
  38              	.LBB2:
 186:learn_color.c ****     for (size_t i = 0; i<3; i++){
  39              		.loc 1 186 0
  40 0002 0023     		movs	r3, #0
  41 0004 0AE0     		b	.L2
  42              	.LVL2:
ARM GAS  C:\Users\ADMIN\AppData\Local\Temp\ccWtGHBy.s 			page 5


  43              	.L4:
 187:learn_color.c ****         if (min_none_color[i] > color[i] || max_none_color[i] < color[i]){
  44              		.loc 1 187 0
  45 0006 9A00     		lsls	r2, r3, #2
  46 0008 0849     		ldr	r1, .L7
  47 000a 5458     		ldr	r4, [r2, r1]
  48 000c 1158     		ldr	r1, [r2, r0]
  49 000e 8C42     		cmp	r4, r1
  50 0010 08DC     		bgt	.L5
  51              		.loc 1 187 0 is_stmt 0 discriminator 1
  52 0012 074C     		ldr	r4, .L7+4
  53 0014 1259     		ldr	r2, [r2, r4]
  54 0016 9142     		cmp	r1, r2
  55 0018 06DC     		bgt	.L6
 186:learn_color.c ****     for (size_t i = 0; i<3; i++){
  56              		.loc 1 186 0 is_stmt 1 discriminator 2
  57 001a 0133     		adds	r3, r3, #1
  58              	.LVL3:
  59              	.L2:
 186:learn_color.c ****     for (size_t i = 0; i<3; i++){
  60              		.loc 1 186 0 is_stmt 0 discriminator 1
  61 001c 022B     		cmp	r3, #2
  62 001e F2D9     		bls	.L4
  63              	.LBE2:
 188:learn_color.c ****             return false;
 189:learn_color.c ****         }       
 190:learn_color.c ****     }
 191:learn_color.c ****     
 192:learn_color.c ****     return true;
  64              		.loc 1 192 0 is_stmt 1
  65 0020 0120     		movs	r0, #1
  66              	.LVL4:
  67              	.LBB3:
  68 0022 02E0     		b	.L3
  69              	.LVL5:
  70              	.L5:
 188:learn_color.c ****             return false;
  71              		.loc 1 188 0
  72 0024 0020     		movs	r0, #0
  73              	.LVL6:
  74 0026 00E0     		b	.L3
  75              	.LVL7:
  76              	.L6:
  77 0028 0020     		movs	r0, #0
  78              	.LVL8:
  79              	.L3:
  80              	.LBE3:
 193:learn_color.c ****     
 194:learn_color.c **** }
  81              		.loc 1 194 0
  82              		@ sp needed
  83 002a 10BD     		pop	{r4, pc}
  84              	.L8:
  85              		.align	2
  86              	.L7:
  87 002c 00000000 		.word	.LANCHOR0
  88 0030 00000000 		.word	.LANCHOR1
ARM GAS  C:\Users\ADMIN\AppData\Local\Temp\ccWtGHBy.s 			page 6


  89              		.cfi_endproc
  90              	.LFE36:
  91              		.size	compare_to_none_color, .-compare_to_none_color
  92              		.section	.text.analyze_measurement_boundaries,"ax",%progbits
  93              		.align	2
  94              		.global	analyze_measurement_boundaries
  95              		.code	16
  96              		.thumb_func
  97              		.type	analyze_measurement_boundaries, %function
  98              	analyze_measurement_boundaries:
  99              	.LFB33:
  52:learn_color.c ****     
 100              		.loc 1 52 0
 101              		.cfi_startproc
 102              		@ args = 0, pretend = 0, frame = 24
 103              		@ frame_needed = 0, uses_anonymous_args = 0
 104              	.LVL9:
 105 0000 F0B5     		push	{r4, r5, r6, r7, lr}
 106              		.cfi_def_cfa_offset 20
 107              		.cfi_offset 4, -20
 108              		.cfi_offset 5, -16
 109              		.cfi_offset 6, -12
 110              		.cfi_offset 7, -8
 111              		.cfi_offset 14, -4
 112 0002 5F46     		mov	r7, fp
 113 0004 5646     		mov	r6, r10
 114 0006 4D46     		mov	r5, r9
 115 0008 4446     		mov	r4, r8
 116 000a F0B4     		push	{r4, r5, r6, r7}
 117              		.cfi_def_cfa_offset 36
 118              		.cfi_offset 8, -36
 119              		.cfi_offset 9, -32
 120              		.cfi_offset 10, -28
 121              		.cfi_offset 11, -24
 122 000c 89B0     		sub	sp, sp, #36
 123              		.cfi_def_cfa_offset 72
 124 000e 8146     		mov	r9, r0
 125 0010 8846     		mov	r8, r1
 126 0012 9346     		mov	fp, r2
 127 0014 1D00     		movs	r5, r3
 128 0016 0393     		str	r3, [sp, #12]
  58:learn_color.c ****     //print(str);
 129              		.loc 1 58 0
 130 0018 794C     		ldr	r4, .L31
 131 001a 7A49     		ldr	r1, .L31+4
 132              	.LVL10:
 133 001c 2000     		movs	r0, r4
 134              	.LVL11:
 135 001e FFF7FEFF 		bl	sprintf
 136              	.LVL12:
  61:learn_color.c ****     //print(str);    
 137              		.loc 1 61 0
 138 0022 2A00     		movs	r2, r5
 139 0024 7849     		ldr	r1, .L31+8
 140 0026 2000     		movs	r0, r4
 141 0028 FFF7FEFF 		bl	sprintf
 142              	.LVL13:
ARM GAS  C:\Users\ADMIN\AppData\Local\Temp\ccWtGHBy.s 			page 7


  66:learn_color.c ****         return 0;
 143              		.loc 1 66 0
 144 002c 774B     		ldr	r3, .L31+12
 145 002e 1B7B     		ldrb	r3, [r3, #12]
 146 0030 002B     		cmp	r3, #0
 147 0032 00D1     		bne	.LCB127
 148 0034 DBE0     		b	.L10	@long jump
 149              	.LCB127:
  70:learn_color.c ****     
 150              		.loc 1 70 0
 151 0036 0120     		movs	r0, #1
 152 0038 FFF7FEFF 		bl	PWM_Container_WriteCompare
 153              	.LVL14:
  72:learn_color.c ****     
 154              		.loc 1 72 0
 155 003c 5B46     		mov	r3, fp
 156 003e 002B     		cmp	r3, #0
 157 0040 02D0     		beq	.L27
 158 0042 6423     		movs	r3, #100
 159 0044 0293     		str	r3, [sp, #8]
 160 0046 01E0     		b	.L11
 161              	.L27:
 162 0048 0A23     		movs	r3, #10
 163 004a 0293     		str	r3, [sp, #8]
 164              	.L11:
 165              	.LVL15:
  74:learn_color.c ****         OpenCloseTestGates(count_settings, true);
 166              		.loc 1 74 0 discriminator 4
 167 004c 5B46     		mov	r3, fp
 168 004e 002B     		cmp	r3, #0
 169 0050 03D1     		bne	.L12
  75:learn_color.c ****     }
 170              		.loc 1 75 0
 171 0052 0121     		movs	r1, #1
 172 0054 0398     		ldr	r0, [sp, #12]
 173 0056 FFF7FEFF 		bl	OpenCloseTestGates
 174              	.LVL16:
 175              	.L12:
  90:learn_color.c ****             continue;
 176              		.loc 1 90 0
 177 005a 0026     		movs	r6, #0
 178 005c 0023     		movs	r3, #0
 179 005e 1F00     		movs	r7, r3
 180 0060 63E0     		b	.L13
 181              	.LVL17:
 182              	.L20:
  82:learn_color.c ****         sprintf(str, "r %d | g %d | b %d", color[0], color[1], color[2]);
 183              		.loc 1 82 0
 184 0062 07AA     		add	r2, sp, #28
 185 0064 06A9     		add	r1, sp, #24
 186 0066 05A8     		add	r0, sp, #20
 187 0068 FFF7FEFF 		bl	getRGB
 188              	.LVL18:
  83:learn_color.c ****         print(str);
 189              		.loc 1 83 0
 190 006c 069B     		ldr	r3, [sp, #24]
 191 006e 644C     		ldr	r4, .L31
ARM GAS  C:\Users\ADMIN\AppData\Local\Temp\ccWtGHBy.s 			page 8


 192 0070 079A     		ldr	r2, [sp, #28]
 193 0072 0092     		str	r2, [sp]
 194 0074 059A     		ldr	r2, [sp, #20]
 195 0076 6649     		ldr	r1, .L31+16
 196 0078 2000     		movs	r0, r4
 197 007a FFF7FEFF 		bl	sprintf
 198              	.LVL19:
  84:learn_color.c ****         
 199              		.loc 1 84 0
 200 007e 2000     		movs	r0, r4
 201 0080 FFF7FEFF 		bl	print
 202              	.LVL20:
  87:learn_color.c ****             sprintf(str, "SOS");
 203              		.loc 1 87 0
 204 0084 5B46     		mov	r3, fp
 205 0086 002B     		cmp	r3, #0
 206 0088 0FD1     		bne	.L14
  87:learn_color.c ****             sprintf(str, "SOS");
 207              		.loc 1 87 0 is_stmt 0 discriminator 1
 208 008a 05A8     		add	r0, sp, #20
 209 008c FFF7FEFF 		bl	compare_to_none_color
 210              	.LVL21:
 211 0090 0028     		cmp	r0, #0
 212 0092 0AD0     		beq	.L14
  88:learn_color.c ****             print(str);
 213              		.loc 1 88 0 is_stmt 1
 214 0094 5A4C     		ldr	r4, .L31
 215 0096 0422     		movs	r2, #4
 216 0098 5E49     		ldr	r1, .L31+20
 217 009a 2000     		movs	r0, r4
 218 009c FFF7FEFF 		bl	memcpy
 219              	.LVL22:
  89:learn_color.c ****             count_not_none = 0;
 220              		.loc 1 89 0
 221 00a0 2000     		movs	r0, r4
 222 00a2 FFF7FEFF 		bl	print
 223              	.LVL23:
  90:learn_color.c ****             continue;
 224              		.loc 1 90 0
 225 00a6 0026     		movs	r6, #0
  91:learn_color.c ****             
 226              		.loc 1 91 0
 227 00a8 3FE0     		b	.L13
 228              	.LVL24:
 229              	.L14:
  95:learn_color.c ****         //print(str);
 230              		.loc 1 95 0
 231 00aa 069B     		ldr	r3, [sp, #24]
 232 00ac 079A     		ldr	r2, [sp, #28]
 233 00ae 0092     		str	r2, [sp]
 234 00b0 059A     		ldr	r2, [sp, #20]
 235 00b2 5749     		ldr	r1, .L31+16
 236 00b4 5248     		ldr	r0, .L31
 237 00b6 FFF7FEFF 		bl	sprintf
 238              	.LVL25:
  98:learn_color.c ****         if (count_not_none == 3 || count_not_none == 4 || none_col == true){
 239              		.loc 1 98 0
ARM GAS  C:\Users\ADMIN\AppData\Local\Temp\ccWtGHBy.s 			page 9


 240 00ba 0136     		adds	r6, r6, #1
 241              	.LVL26:
  99:learn_color.c ****             
 242              		.loc 1 99 0
 243 00bc F31E     		subs	r3, r6, #3
 244 00be 012B     		cmp	r3, #1
 245 00c0 2AD9     		bls	.L28
  99:learn_color.c ****             
 246              		.loc 1 99 0 is_stmt 0 discriminator 1
 247 00c2 5B46     		mov	r3, fp
 248 00c4 002B     		cmp	r3, #0
 249 00c6 2AD1     		bne	.L29
 250 00c8 2FE0     		b	.L13
 251              	.LVL27:
 252              	.L19:
 253              	.LBB4:
 103:learn_color.c ****                 //print(str);
 254              		.loc 1 103 0 is_stmt 1
 255 00ca 0022     		movs	r2, #0
 256 00cc 5249     		ldr	r1, .L31+24
 257 00ce 4C48     		ldr	r0, .L31
 258 00d0 FFF7FEFF 		bl	sprintf
 259              	.LVL28:
 105:learn_color.c ****                     sprintf(str, "check %d", 1);
 260              		.loc 1 105 0
 261 00d4 AC00     		lsls	r4, r5, #2
 262 00d6 05AB     		add	r3, sp, #20
 263 00d8 E358     		ldr	r3, [r4, r3]
 264 00da 4A46     		mov	r2, r9
 265 00dc 1619     		adds	r6, r2, r4
 266 00de 3268     		ldr	r2, [r6]
 267 00e0 9342     		cmp	r3, r2
 268 00e2 07DA     		bge	.L17
 106:learn_color.c ****                     //print(str);
 269              		.loc 1 106 0
 270 00e4 0122     		movs	r2, #1
 271 00e6 4C49     		ldr	r1, .L31+24
 272 00e8 4548     		ldr	r0, .L31
 273 00ea FFF7FEFF 		bl	sprintf
 274              	.LVL29:
 108:learn_color.c ****                 }
 275              		.loc 1 108 0
 276 00ee 05AA     		add	r2, sp, #20
 277 00f0 A358     		ldr	r3, [r4, r2]
 278 00f2 3360     		str	r3, [r6]
 279              	.L17:
 110:learn_color.c ****                     sprintf(str, "check %d", 2);
 280              		.loc 1 110 0
 281 00f4 AB00     		lsls	r3, r5, #2
 282 00f6 05AA     		add	r2, sp, #20
 283 00f8 9B58     		ldr	r3, [r3, r2]
 284 00fa 4444     		add	r4, r4, r8
 285 00fc 2268     		ldr	r2, [r4]
 286 00fe 9342     		cmp	r3, r2
 287 0100 08DD     		ble	.L18
 111:learn_color.c ****                     //print(str);
 288              		.loc 1 111 0
ARM GAS  C:\Users\ADMIN\AppData\Local\Temp\ccWtGHBy.s 			page 10


 289 0102 0222     		movs	r2, #2
 290 0104 4449     		ldr	r1, .L31+24
 291 0106 3E48     		ldr	r0, .L31
 292 0108 FFF7FEFF 		bl	sprintf
 293              	.LVL30:
 113:learn_color.c ****                 }
 294              		.loc 1 113 0
 295 010c AB00     		lsls	r3, r5, #2
 296 010e 05AA     		add	r2, sp, #20
 297 0110 9B58     		ldr	r3, [r3, r2]
 298 0112 2360     		str	r3, [r4]
 299              	.L18:
 101:learn_color.c ****             
 300              		.loc 1 101 0 discriminator 2
 301 0114 0135     		adds	r5, r5, #1
 302              	.LVL31:
 303 0116 04E0     		b	.L16
 304              	.LVL32:
 305              	.L28:
 306              	.LBE4:
 307 0118 0025     		movs	r5, #0
 308 011a B246     		mov	r10, r6
 309 011c 01E0     		b	.L16
 310              	.L29:
 311 011e 0025     		movs	r5, #0
 312 0120 B246     		mov	r10, r6
 313              	.LVL33:
 314              	.L16:
 315              	.LBB5:
 101:learn_color.c ****             
 316              		.loc 1 101 0 is_stmt 0 discriminator 1
 317 0122 022D     		cmp	r5, #2
 318 0124 D1D9     		bls	.L19
 319 0126 5646     		mov	r6, r10
 320              	.LBE5:
 118:learn_color.c ****         }
 321              		.loc 1 118 0 is_stmt 1
 322 0128 0237     		adds	r7, r7, #2
 323              	.LVL34:
 324              	.L13:
  81:learn_color.c ****         getRGB(&color[0], &color[1], &color[2]);
 325              		.loc 1 81 0
 326 012a 029B     		ldr	r3, [sp, #8]
 327 012c 9F42     		cmp	r7, r3
 328 012e 98D3     		bcc	.L20
 127:learn_color.c ****     CyDelay(2000);
 329              		.loc 1 127 0
 330 0130 0022     		movs	r2, #0
 331 0132 364B     		ldr	r3, .L31+12
 332 0134 1A73     		strb	r2, [r3, #12]
 128:learn_color.c ****     
 333              		.loc 1 128 0
 334 0136 FA20     		movs	r0, #250
 335 0138 C000     		lsls	r0, r0, #3
 336 013a FFF7FEFF 		bl	CyDelay
 337              	.LVL35:
 130:learn_color.c ****         OpenCloseTestGates(count_settings, false);
ARM GAS  C:\Users\ADMIN\AppData\Local\Temp\ccWtGHBy.s 			page 11


 338              		.loc 1 130 0
 339 013e 5B46     		mov	r3, fp
 340 0140 002B     		cmp	r3, #0
 341 0142 03D1     		bne	.L21
 131:learn_color.c ****     }
 342              		.loc 1 131 0
 343 0144 0021     		movs	r1, #0
 344 0146 0398     		ldr	r0, [sp, #12]
 345 0148 FFF7FEFF 		bl	OpenCloseTestGates
 346              	.LVL36:
 347              	.L21:
 134:learn_color.c ****     
 348              		.loc 1 134 0
 349 014c 0020     		movs	r0, #0
 350 014e FFF7FEFF 		bl	PWM_Container_WriteCompare
 351              	.LVL37:
 137:learn_color.c ****         sprintf(str, "NONE");
 352              		.loc 1 137 0
 353 0152 5B46     		mov	r3, fp
 354 0154 002B     		cmp	r3, #0
 355 0156 26D0     		beq	.L30
 138:learn_color.c ****         print(str);
 356              		.loc 1 138 0
 357 0158 294C     		ldr	r4, .L31
 358 015a 0522     		movs	r2, #5
 359 015c 2F49     		ldr	r1, .L31+28
 360 015e 2000     		movs	r0, r4
 361 0160 FFF7FEFF 		bl	memcpy
 362              	.LVL38:
 139:learn_color.c ****         for (size_t i = 0; i<3; i++){
 363              		.loc 1 139 0
 364 0164 2000     		movs	r0, r4
 365 0166 FFF7FEFF 		bl	print
 366              	.LVL39:
 367              	.LBB6:
 140:learn_color.c ****             min_rgb[i] -= 5;
 368              		.loc 1 140 0
 369 016a 0022     		movs	r2, #0
 370 016c 4C46     		mov	r4, r9
 371 016e 4546     		mov	r5, r8
 372 0170 09E0     		b	.L23
 373              	.LVL40:
 374              	.L24:
 141:learn_color.c ****             max_rgb[i] += 5;
 375              		.loc 1 141 0 discriminator 3
 376 0172 9300     		lsls	r3, r2, #2
 377 0174 E018     		adds	r0, r4, r3
 378 0176 0168     		ldr	r1, [r0]
 379 0178 0539     		subs	r1, r1, #5
 380 017a 0160     		str	r1, [r0]
 142:learn_color.c ****         }
 381              		.loc 1 142 0 discriminator 3
 382 017c EB18     		adds	r3, r5, r3
 383 017e 1968     		ldr	r1, [r3]
 384 0180 0531     		adds	r1, r1, #5
 385 0182 1960     		str	r1, [r3]
 140:learn_color.c ****             min_rgb[i] -= 5;
ARM GAS  C:\Users\ADMIN\AppData\Local\Temp\ccWtGHBy.s 			page 12


 386              		.loc 1 140 0 discriminator 3
 387 0184 0132     		adds	r2, r2, #1
 388              	.LVL41:
 389              	.L23:
 140:learn_color.c ****             min_rgb[i] -= 5;
 390              		.loc 1 140 0 is_stmt 0 discriminator 1
 391 0186 022A     		cmp	r2, #2
 392 0188 F3D9     		bls	.L24
 393 018a A146     		mov	r9, r4
 394 018c A846     		mov	r8, r5
 395 018e 11E0     		b	.L25
 396              	.LVL42:
 397              	.L26:
 398              	.LBE6:
 399              	.LBB7:
 146:learn_color.c ****             max_rgb[i] += 2;
 400              		.loc 1 146 0 is_stmt 1 discriminator 3
 401 0190 9300     		lsls	r3, r2, #2
 402 0192 E018     		adds	r0, r4, r3
 403 0194 0168     		ldr	r1, [r0]
 404 0196 0239     		subs	r1, r1, #2
 405 0198 0160     		str	r1, [r0]
 147:learn_color.c ****         }
 406              		.loc 1 147 0 discriminator 3
 407 019a EB18     		adds	r3, r5, r3
 408 019c 1968     		ldr	r1, [r3]
 409 019e 0231     		adds	r1, r1, #2
 410 01a0 1960     		str	r1, [r3]
 145:learn_color.c ****             min_rgb[i] -= 2;
 411              		.loc 1 145 0 discriminator 3
 412 01a2 0132     		adds	r2, r2, #1
 413              	.LVL43:
 414 01a4 02E0     		b	.L22
 415              	.LVL44:
 416              	.L30:
 417              	.LBE7:
 418 01a6 0022     		movs	r2, #0
 419 01a8 4C46     		mov	r4, r9
 420 01aa 4546     		mov	r5, r8
 421              	.LVL45:
 422              	.L22:
 423              	.LBB8:
 145:learn_color.c ****             min_rgb[i] -= 2;
 424              		.loc 1 145 0 is_stmt 0 discriminator 1
 425 01ac 022A     		cmp	r2, #2
 426 01ae EFD9     		bls	.L26
 427 01b0 A146     		mov	r9, r4
 428 01b2 A846     		mov	r8, r5
 429              	.LVL46:
 430              	.L25:
 431              	.LBE8:
 156:learn_color.c ****     print(str);
 432              		.loc 1 156 0 is_stmt 1
 433 01b4 4B46     		mov	r3, r9
 434 01b6 5B68     		ldr	r3, [r3, #4]
 435 01b8 4A46     		mov	r2, r9
 436 01ba 1268     		ldr	r2, [r2]
ARM GAS  C:\Users\ADMIN\AppData\Local\Temp\ccWtGHBy.s 			page 13


 437 01bc 104C     		ldr	r4, .L31
 438              	.LVL47:
 439 01be 4946     		mov	r1, r9
 440 01c0 8968     		ldr	r1, [r1, #8]
 441 01c2 0091     		str	r1, [sp]
 442 01c4 1649     		ldr	r1, .L31+32
 443 01c6 2000     		movs	r0, r4
 444 01c8 FFF7FEFF 		bl	sprintf
 445              	.LVL48:
 157:learn_color.c ****     
 446              		.loc 1 157 0
 447 01cc 2000     		movs	r0, r4
 448 01ce FFF7FEFF 		bl	print
 449              	.LVL49:
 159:learn_color.c ****     print(str);
 450              		.loc 1 159 0
 451 01d2 4346     		mov	r3, r8
 452 01d4 5B68     		ldr	r3, [r3, #4]
 453 01d6 4246     		mov	r2, r8
 454 01d8 1268     		ldr	r2, [r2]
 455 01da 4146     		mov	r1, r8
 456 01dc 8968     		ldr	r1, [r1, #8]
 457 01de 0091     		str	r1, [sp]
 458 01e0 1049     		ldr	r1, .L31+36
 459 01e2 2000     		movs	r0, r4
 460 01e4 FFF7FEFF 		bl	sprintf
 461              	.LVL50:
 160:learn_color.c ****     
 462              		.loc 1 160 0
 463 01e8 2000     		movs	r0, r4
 464 01ea FFF7FEFF 		bl	print
 465              	.LVL51:
 466              	.L10:
 175:learn_color.c **** 
 467              		.loc 1 175 0
 468 01ee 0020     		movs	r0, #0
 469 01f0 09B0     		add	sp, sp, #36
 470              		@ sp needed
 471              	.LVL52:
 472              	.LVL53:
 473 01f2 3CBC     		pop	{r2, r3, r4, r5}
 474 01f4 9046     		mov	r8, r2
 475 01f6 9946     		mov	r9, r3
 476 01f8 A246     		mov	r10, r4
 477 01fa AB46     		mov	fp, r5
 478 01fc F0BD     		pop	{r4, r5, r6, r7, pc}
 479              	.L32:
 480 01fe C046     		.align	2
 481              	.L31:
 482 0200 00000000 		.word	str
 483 0204 00000000 		.word	.LC2
 484 0208 08000000 		.word	.LC5
 485 020c 00000000 		.word	.LANCHOR1
 486 0210 14000000 		.word	.LC8
 487 0214 28000000 		.word	.LC10
 488 0218 2C000000 		.word	.LC12
 489 021c 38000000 		.word	.LC14
ARM GAS  C:\Users\ADMIN\AppData\Local\Temp\ccWtGHBy.s 			page 14


 490 0220 40000000 		.word	.LC16
 491 0224 58000000 		.word	.LC18
 492              		.cfi_endproc
 493              	.LFE33:
 494              		.size	analyze_measurement_boundaries, .-analyze_measurement_boundaries
 495              		.section	.text.analyze_measurement_boundaries_none,"ax",%progbits
 496              		.align	2
 497              		.global	analyze_measurement_boundaries_none
 498              		.code	16
 499              		.thumb_func
 500              		.type	analyze_measurement_boundaries_none, %function
 501              	analyze_measurement_boundaries_none:
 502              	.LFB34:
 177:learn_color.c ****     analyze_measurement_boundaries(min_rgb, max_rgb, true, 0);
 503              		.loc 1 177 0
 504              		.cfi_startproc
 505              		@ args = 0, pretend = 0, frame = 0
 506              		@ frame_needed = 0, uses_anonymous_args = 0
 507              	.LVL54:
 508 0000 10B5     		push	{r4, lr}
 509              		.cfi_def_cfa_offset 8
 510              		.cfi_offset 4, -8
 511              		.cfi_offset 14, -4
 178:learn_color.c **** }
 512              		.loc 1 178 0
 513 0002 0023     		movs	r3, #0
 514 0004 0122     		movs	r2, #1
 515 0006 FFF7FEFF 		bl	analyze_measurement_boundaries
 516              	.LVL55:
 179:learn_color.c **** void analyze_measurement_boundaries_color(int min_rgb[3], int max_rgb[3], int count_settings){
 517              		.loc 1 179 0
 518              		@ sp needed
 519 000a 10BD     		pop	{r4, pc}
 520              		.cfi_endproc
 521              	.LFE34:
 522              		.size	analyze_measurement_boundaries_none, .-analyze_measurement_boundaries_none
 523              		.section	.text.analyze_measurement_boundaries_color,"ax",%progbits
 524              		.align	2
 525              		.global	analyze_measurement_boundaries_color
 526              		.code	16
 527              		.thumb_func
 528              		.type	analyze_measurement_boundaries_color, %function
 529              	analyze_measurement_boundaries_color:
 530              	.LFB35:
 180:learn_color.c ****     analyze_measurement_boundaries(min_rgb, max_rgb, false, count_settings);
 531              		.loc 1 180 0
 532              		.cfi_startproc
 533              		@ args = 0, pretend = 0, frame = 0
 534              		@ frame_needed = 0, uses_anonymous_args = 0
 535              	.LVL56:
 536 0000 10B5     		push	{r4, lr}
 537              		.cfi_def_cfa_offset 8
 538              		.cfi_offset 4, -8
 539              		.cfi_offset 14, -4
 540 0002 1300     		movs	r3, r2
 181:learn_color.c **** }
 541              		.loc 1 181 0
ARM GAS  C:\Users\ADMIN\AppData\Local\Temp\ccWtGHBy.s 			page 15


 542 0004 0022     		movs	r2, #0
 543              	.LVL57:
 544 0006 FFF7FEFF 		bl	analyze_measurement_boundaries
 545              	.LVL58:
 182:learn_color.c **** 
 546              		.loc 1 182 0
 547              		@ sp needed
 548 000a 10BD     		pop	{r4, pc}
 549              		.cfi_endproc
 550              	.LFE35:
 551              		.size	analyze_measurement_boundaries_color, .-analyze_measurement_boundaries_color
 552              		.comm	boundaries,144,4
 553              		.comm	max_cur_color,12,4
 554              		.comm	min_cur_color,12,4
 555              		.global	max_none_color
 556              		.global	min_none_color
 557              		.global	button_pushed
 558              		.data
 559              		.align	2
 560              		.set	.LANCHOR0,. + 0
 561              		.type	min_none_color, %object
 562              		.size	min_none_color, 12
 563              	min_none_color:
 564 0000 FF000000 		.word	255
 565 0004 FF000000 		.word	255
 566 0008 FF000000 		.word	255
 567              		.section	.rodata.str1.4,"aMS",%progbits,1
 568              		.align	2
 569              	.LC2:
 570 0000 6E6F6E65 		.ascii	"none %d\000"
 570      20256400 
 571              	.LC5:
 572 0008 73657474 		.ascii	"settings %d\000"
 572      696E6773 
 572      20256400 
 573              	.LC8:
 574 0014 72202564 		.ascii	"r %d | g %d | b %d\000"
 574      207C2067 
 574      20256420 
 574      7C206220 
 574      256400
 575 0027 00       		.space	1
 576              	.LC10:
 577 0028 534F5300 		.ascii	"SOS\000"
 578              	.LC12:
 579 002c 63686563 		.ascii	"check %d\000"
 579      6B202564 
 579      00
 580 0035 000000   		.space	3
 581              	.LC14:
 582 0038 4E4F4E45 		.ascii	"NONE\000"
 582      00
 583 003d 000000   		.space	3
 584              	.LC16:
 585 0040 6D696E20 		.ascii	"min r %d | g %d | b %d\000"
 585      72202564 
 585      207C2067 
ARM GAS  C:\Users\ADMIN\AppData\Local\Temp\ccWtGHBy.s 			page 16


 585      20256420 
 585      7C206220 
 586 0057 00       		.space	1
 587              	.LC18:
 588 0058 6D617820 		.ascii	"max r %d | g %d | b %d\000"
 588      72202564 
 588      207C2067 
 588      20256420 
 588      7C206220 
 589              		.bss
 590              		.align	2
 591              		.set	.LANCHOR1,. + 0
 592              		.type	max_none_color, %object
 593              		.size	max_none_color, 12
 594              	max_none_color:
 595 0000 00000000 		.space	12
 595      00000000 
 595      00000000 
 596              		.type	button_pushed, %object
 597              		.size	button_pushed, 1
 598              	button_pushed:
 599 000c 00       		.space	1
 600              		.text
 601              	.Letext0:
 602              		.file 2 "learn_color.h"
 603              		.file 3 "c:\\program files (x86)\\cypress\\psoc creator\\4.4\\psoc creator\\import\\gnu\\arm\\5.4.
 604              		.file 4 "Generated_Source\\PSoC4/PWM_Container.h"
 605              		.file 5 "main.h"
 606              		.file 6 "tcs34725.h"
 607              		.file 7 "utils.h"
 608              		.file 8 "Generated_Source\\PSoC4/CyLib.h"
 609              		.file 9 "c:\\program files (x86)\\cypress\\psoc creator\\4.4\\psoc creator\\import\\gnu\\arm\\5.4.
 610              		.section	.debug_info,"",%progbits
 611              	.Ldebug_info0:
 612 0000 D4050000 		.4byte	0x5d4
 613 0004 0400     		.2byte	0x4
 614 0006 00000000 		.4byte	.Ldebug_abbrev0
 615 000a 04       		.byte	0x4
 616 000b 01       		.uleb128 0x1
 617 000c 78010000 		.4byte	.LASF39
 618 0010 0C       		.byte	0xc
 619 0011 75020000 		.4byte	.LASF40
 620 0015 E1020000 		.4byte	.LASF41
 621 0019 48000000 		.4byte	.Ldebug_ranges0+0x48
 622 001d 00000000 		.4byte	0
 623 0021 00000000 		.4byte	.Ldebug_line0
 624 0025 02       		.uleb128 0x2
 625 0026 01       		.byte	0x1
 626 0027 06       		.byte	0x6
 627 0028 BF020000 		.4byte	.LASF0
 628 002c 02       		.uleb128 0x2
 629 002d 01       		.byte	0x1
 630 002e 08       		.byte	0x8
 631 002f 6E000000 		.4byte	.LASF1
 632 0033 02       		.uleb128 0x2
 633 0034 02       		.byte	0x2
 634 0035 05       		.byte	0x5
ARM GAS  C:\Users\ADMIN\AppData\Local\Temp\ccWtGHBy.s 			page 17


 635 0036 6B020000 		.4byte	.LASF2
 636 003a 02       		.uleb128 0x2
 637 003b 02       		.byte	0x2
 638 003c 07       		.byte	0x7
 639 003d B3000000 		.4byte	.LASF3
 640 0041 02       		.uleb128 0x2
 641 0042 04       		.byte	0x4
 642 0043 05       		.byte	0x5
 643 0044 9C020000 		.4byte	.LASF4
 644 0048 02       		.uleb128 0x2
 645 0049 04       		.byte	0x4
 646 004a 07       		.byte	0x7
 647 004b D5000000 		.4byte	.LASF5
 648 004f 02       		.uleb128 0x2
 649 0050 08       		.byte	0x8
 650 0051 05       		.byte	0x5
 651 0052 00000000 		.4byte	.LASF6
 652 0056 02       		.uleb128 0x2
 653 0057 08       		.byte	0x8
 654 0058 07       		.byte	0x7
 655 0059 3F010000 		.4byte	.LASF7
 656 005d 03       		.uleb128 0x3
 657 005e 04       		.byte	0x4
 658 005f 05       		.byte	0x5
 659 0060 696E7400 		.ascii	"int\000"
 660 0064 02       		.uleb128 0x2
 661 0065 04       		.byte	0x4
 662 0066 07       		.byte	0x7
 663 0067 32010000 		.4byte	.LASF8
 664 006b 04       		.uleb128 0x4
 665 006c 0E000000 		.4byte	.LASF42
 666 0070 09       		.byte	0x9
 667 0071 D8       		.byte	0xd8
 668 0072 64000000 		.4byte	0x64
 669 0076 02       		.uleb128 0x2
 670 0077 08       		.byte	0x8
 671 0078 04       		.byte	0x4
 672 0079 B3020000 		.4byte	.LASF9
 673 007d 02       		.uleb128 0x2
 674 007e 04       		.byte	0x4
 675 007f 07       		.byte	0x7
 676 0080 1C020000 		.4byte	.LASF10
 677 0084 02       		.uleb128 0x2
 678 0085 01       		.byte	0x1
 679 0086 08       		.byte	0x8
 680 0087 4A020000 		.4byte	.LASF11
 681 008b 02       		.uleb128 0x2
 682 008c 04       		.byte	0x4
 683 008d 04       		.byte	0x4
 684 008e 68000000 		.4byte	.LASF12
 685 0092 02       		.uleb128 0x2
 686 0093 08       		.byte	0x8
 687 0094 04       		.byte	0x4
 688 0095 53000000 		.4byte	.LASF13
 689 0099 05       		.uleb128 0x5
 690 009a 42000000 		.4byte	.LASF43
 691 009e 18       		.byte	0x18
ARM GAS  C:\Users\ADMIN\AppData\Local\Temp\ccWtGHBy.s 			page 18


 692 009f 02       		.byte	0x2
 693 00a0 2A       		.byte	0x2a
 694 00a1 BE000000 		.4byte	0xbe
 695 00a5 06       		.uleb128 0x6
 696 00a6 2A010000 		.4byte	.LASF14
 697 00aa 02       		.byte	0x2
 698 00ab 2B       		.byte	0x2b
 699 00ac BE000000 		.4byte	0xbe
 700 00b0 00       		.byte	0
 701 00b1 06       		.uleb128 0x6
 702 00b2 13010000 		.4byte	.LASF15
 703 00b6 02       		.byte	0x2
 704 00b7 2C       		.byte	0x2c
 705 00b8 BE000000 		.4byte	0xbe
 706 00bc 0C       		.byte	0xc
 707 00bd 00       		.byte	0
 708 00be 07       		.uleb128 0x7
 709 00bf 5D000000 		.4byte	0x5d
 710 00c3 CE000000 		.4byte	0xce
 711 00c7 08       		.uleb128 0x8
 712 00c8 7D000000 		.4byte	0x7d
 713 00cc 02       		.byte	0x2
 714 00cd 00       		.byte	0
 715 00ce 09       		.uleb128 0x9
 716 00cf 06020000 		.4byte	.LASF17
 717 00d3 01       		.byte	0x1
 718 00d4 B9       		.byte	0xb9
 719 00d5 0A010000 		.4byte	0x10a
 720 00d9 00000000 		.4byte	.LFB36
 721 00dd 34000000 		.4byte	.LFE36-.LFB36
 722 00e1 01       		.uleb128 0x1
 723 00e2 9C       		.byte	0x9c
 724 00e3 0A010000 		.4byte	0x10a
 725 00e7 0A       		.uleb128 0xa
 726 00e8 0D010000 		.4byte	.LASF19
 727 00ec 01       		.byte	0x1
 728 00ed B9       		.byte	0xb9
 729 00ee 11010000 		.4byte	0x111
 730 00f2 00000000 		.4byte	.LLST0
 731 00f6 0B       		.uleb128 0xb
 732 00f7 00000000 		.4byte	.Ldebug_ranges0+0
 733 00fb 0C       		.uleb128 0xc
 734 00fc 6900     		.ascii	"i\000"
 735 00fe 01       		.byte	0x1
 736 00ff BA       		.byte	0xba
 737 0100 6B000000 		.4byte	0x6b
 738 0104 53000000 		.4byte	.LLST1
 739 0108 00       		.byte	0
 740 0109 00       		.byte	0
 741 010a 02       		.uleb128 0x2
 742 010b 01       		.byte	0x1
 743 010c 02       		.byte	0x2
 744 010d CB020000 		.4byte	.LASF16
 745 0111 0D       		.uleb128 0xd
 746 0112 04       		.byte	0x4
 747 0113 5D000000 		.4byte	0x5d
 748 0117 09       		.uleb128 0x9
ARM GAS  C:\Users\ADMIN\AppData\Local\Temp\ccWtGHBy.s 			page 19


 749 0118 15000000 		.4byte	.LASF18
 750 011c 01       		.byte	0x1
 751 011d 34       		.byte	0x34
 752 011e 5D000000 		.4byte	0x5d
 753 0122 00000000 		.4byte	.LFB33
 754 0126 28020000 		.4byte	.LFE33-.LFB33
 755 012a 01       		.uleb128 0x1
 756 012b 9C       		.byte	0x9c
 757 012c 42040000 		.4byte	0x442
 758 0130 0A       		.uleb128 0xa
 759 0131 2A010000 		.4byte	.LASF14
 760 0135 01       		.byte	0x1
 761 0136 34       		.byte	0x34
 762 0137 11010000 		.4byte	0x111
 763 013b 72000000 		.4byte	.LLST2
 764 013f 0A       		.uleb128 0xa
 765 0140 13010000 		.4byte	.LASF15
 766 0144 01       		.byte	0x1
 767 0145 34       		.byte	0x34
 768 0146 11010000 		.4byte	0x111
 769 014a CA000000 		.4byte	.LLST3
 770 014e 0A       		.uleb128 0xa
 771 014f 83020000 		.4byte	.LASF20
 772 0153 01       		.byte	0x1
 773 0154 34       		.byte	0x34
 774 0155 0A010000 		.4byte	0x10a
 775 0159 22010000 		.4byte	.LLST4
 776 015d 0A       		.uleb128 0xa
 777 015e 55020000 		.4byte	.LASF21
 778 0162 01       		.byte	0x1
 779 0163 34       		.byte	0x34
 780 0164 5D000000 		.4byte	0x5d
 781 0168 43010000 		.4byte	.LLST5
 782 016c 0E       		.uleb128 0xe
 783 016d 0D010000 		.4byte	.LASF19
 784 0171 01       		.byte	0x1
 785 0172 36       		.byte	0x36
 786 0173 BE000000 		.4byte	0xbe
 787 0177 02       		.uleb128 0x2
 788 0178 91       		.byte	0x91
 789 0179 4C       		.sleb128 -52
 790 017a 0F       		.uleb128 0xf
 791 017b 93020000 		.4byte	.LASF22
 792 017f 01       		.byte	0x1
 793 0180 40       		.byte	0x40
 794 0181 6B000000 		.4byte	0x6b
 795 0185 6D010000 		.4byte	.LLST6
 796 0189 0F       		.uleb128 0xf
 797 018a A0000000 		.4byte	.LASF23
 798 018e 01       		.byte	0x1
 799 018f 48       		.byte	0x48
 800 0190 6B000000 		.4byte	0x6b
 801 0194 8C010000 		.4byte	.LLST7
 802 0198 0F       		.uleb128 0xf
 803 0199 69010000 		.4byte	.LASF24
 804 019d 01       		.byte	0x1
 805 019e 4E       		.byte	0x4e
ARM GAS  C:\Users\ADMIN\AppData\Local\Temp\ccWtGHBy.s 			page 20


 806 019f 5D000000 		.4byte	0x5d
 807 01a3 A0010000 		.4byte	.LLST8
 808 01a7 10       		.uleb128 0x10
 809 01a8 18000000 		.4byte	.Ldebug_ranges0+0x18
 810 01ac 0E020000 		.4byte	0x20e
 811 01b0 0C       		.uleb128 0xc
 812 01b1 6900     		.ascii	"i\000"
 813 01b3 01       		.byte	0x1
 814 01b4 65       		.byte	0x65
 815 01b5 6B000000 		.4byte	0x6b
 816 01b9 F6010000 		.4byte	.LLST9
 817 01bd 11       		.uleb128 0x11
 818 01be D4000000 		.4byte	.LVL28
 819 01c2 8B050000 		.4byte	0x58b
 820 01c6 D9010000 		.4byte	0x1d9
 821 01ca 12       		.uleb128 0x12
 822 01cb 01       		.uleb128 0x1
 823 01cc 51       		.byte	0x51
 824 01cd 05       		.uleb128 0x5
 825 01ce 03       		.byte	0x3
 826 01cf 2C000000 		.4byte	.LC12
 827 01d3 12       		.uleb128 0x12
 828 01d4 01       		.uleb128 0x1
 829 01d5 52       		.byte	0x52
 830 01d6 01       		.uleb128 0x1
 831 01d7 30       		.byte	0x30
 832 01d8 00       		.byte	0
 833 01d9 11       		.uleb128 0x11
 834 01da EE000000 		.4byte	.LVL29
 835 01de 8B050000 		.4byte	0x58b
 836 01e2 F5010000 		.4byte	0x1f5
 837 01e6 12       		.uleb128 0x12
 838 01e7 01       		.uleb128 0x1
 839 01e8 51       		.byte	0x51
 840 01e9 05       		.uleb128 0x5
 841 01ea 03       		.byte	0x3
 842 01eb 2C000000 		.4byte	.LC12
 843 01ef 12       		.uleb128 0x12
 844 01f0 01       		.uleb128 0x1
 845 01f1 52       		.byte	0x52
 846 01f2 01       		.uleb128 0x1
 847 01f3 31       		.byte	0x31
 848 01f4 00       		.byte	0
 849 01f5 13       		.uleb128 0x13
 850 01f6 0C010000 		.4byte	.LVL30
 851 01fa 8B050000 		.4byte	0x58b
 852 01fe 12       		.uleb128 0x12
 853 01ff 01       		.uleb128 0x1
 854 0200 51       		.byte	0x51
 855 0201 05       		.uleb128 0x5
 856 0202 03       		.byte	0x3
 857 0203 2C000000 		.4byte	.LC12
 858 0207 12       		.uleb128 0x12
 859 0208 01       		.uleb128 0x1
 860 0209 52       		.byte	0x52
 861 020a 01       		.uleb128 0x1
 862 020b 32       		.byte	0x32
ARM GAS  C:\Users\ADMIN\AppData\Local\Temp\ccWtGHBy.s 			page 21


 863 020c 00       		.byte	0
 864 020d 00       		.byte	0
 865 020e 14       		.uleb128 0x14
 866 020f 6A010000 		.4byte	.LBB6
 867 0213 26000000 		.4byte	.LBE6-.LBB6
 868 0217 29020000 		.4byte	0x229
 869 021b 0C       		.uleb128 0xc
 870 021c 6900     		.ascii	"i\000"
 871 021e 01       		.byte	0x1
 872 021f 8C       		.byte	0x8c
 873 0220 6B000000 		.4byte	0x6b
 874 0224 14020000 		.4byte	.LLST10
 875 0228 00       		.byte	0
 876 0229 10       		.uleb128 0x10
 877 022a 30000000 		.4byte	.Ldebug_ranges0+0x30
 878 022e 40020000 		.4byte	0x240
 879 0232 0C       		.uleb128 0xc
 880 0233 6900     		.ascii	"i\000"
 881 0235 01       		.byte	0x1
 882 0236 91       		.byte	0x91
 883 0237 6B000000 		.4byte	0x6b
 884 023b 33020000 		.4byte	.LLST11
 885 023f 00       		.byte	0
 886 0240 11       		.uleb128 0x11
 887 0241 22000000 		.4byte	.LVL12
 888 0245 8B050000 		.4byte	0x58b
 889 0249 63020000 		.4byte	0x263
 890 024d 12       		.uleb128 0x12
 891 024e 01       		.uleb128 0x1
 892 024f 50       		.byte	0x50
 893 0250 02       		.uleb128 0x2
 894 0251 74       		.byte	0x74
 895 0252 00       		.sleb128 0
 896 0253 12       		.uleb128 0x12
 897 0254 01       		.uleb128 0x1
 898 0255 51       		.byte	0x51
 899 0256 05       		.uleb128 0x5
 900 0257 03       		.byte	0x3
 901 0258 00000000 		.4byte	.LC2
 902 025c 12       		.uleb128 0x12
 903 025d 01       		.uleb128 0x1
 904 025e 52       		.byte	0x52
 905 025f 02       		.uleb128 0x2
 906 0260 7B       		.byte	0x7b
 907 0261 00       		.sleb128 0
 908 0262 00       		.byte	0
 909 0263 11       		.uleb128 0x11
 910 0264 2C000000 		.4byte	.LVL13
 911 0268 8B050000 		.4byte	0x58b
 912 026c 86020000 		.4byte	0x286
 913 0270 12       		.uleb128 0x12
 914 0271 01       		.uleb128 0x1
 915 0272 50       		.byte	0x50
 916 0273 02       		.uleb128 0x2
 917 0274 74       		.byte	0x74
 918 0275 00       		.sleb128 0
 919 0276 12       		.uleb128 0x12
ARM GAS  C:\Users\ADMIN\AppData\Local\Temp\ccWtGHBy.s 			page 22


 920 0277 01       		.uleb128 0x1
 921 0278 51       		.byte	0x51
 922 0279 05       		.uleb128 0x5
 923 027a 03       		.byte	0x3
 924 027b 08000000 		.4byte	.LC5
 925 027f 12       		.uleb128 0x12
 926 0280 01       		.uleb128 0x1
 927 0281 52       		.byte	0x52
 928 0282 02       		.uleb128 0x2
 929 0283 75       		.byte	0x75
 930 0284 00       		.sleb128 0
 931 0285 00       		.byte	0
 932 0286 11       		.uleb128 0x11
 933 0287 3C000000 		.4byte	.LVL14
 934 028b 96050000 		.4byte	0x596
 935 028f 99020000 		.4byte	0x299
 936 0293 12       		.uleb128 0x12
 937 0294 01       		.uleb128 0x1
 938 0295 50       		.byte	0x50
 939 0296 01       		.uleb128 0x1
 940 0297 31       		.byte	0x31
 941 0298 00       		.byte	0
 942 0299 11       		.uleb128 0x11
 943 029a 5A000000 		.4byte	.LVL16
 944 029e A2050000 		.4byte	0x5a2
 945 02a2 B3020000 		.4byte	0x2b3
 946 02a6 12       		.uleb128 0x12
 947 02a7 01       		.uleb128 0x1
 948 02a8 50       		.byte	0x50
 949 02a9 03       		.uleb128 0x3
 950 02aa 91       		.byte	0x91
 951 02ab 44       		.sleb128 -60
 952 02ac 06       		.byte	0x6
 953 02ad 12       		.uleb128 0x12
 954 02ae 01       		.uleb128 0x1
 955 02af 51       		.byte	0x51
 956 02b0 01       		.uleb128 0x1
 957 02b1 31       		.byte	0x31
 958 02b2 00       		.byte	0
 959 02b3 11       		.uleb128 0x11
 960 02b4 6C000000 		.4byte	.LVL18
 961 02b8 AD050000 		.4byte	0x5ad
 962 02bc D3020000 		.4byte	0x2d3
 963 02c0 12       		.uleb128 0x12
 964 02c1 01       		.uleb128 0x1
 965 02c2 50       		.byte	0x50
 966 02c3 02       		.uleb128 0x2
 967 02c4 91       		.byte	0x91
 968 02c5 4C       		.sleb128 -52
 969 02c6 12       		.uleb128 0x12
 970 02c7 01       		.uleb128 0x1
 971 02c8 51       		.byte	0x51
 972 02c9 02       		.uleb128 0x2
 973 02ca 91       		.byte	0x91
 974 02cb 50       		.sleb128 -48
 975 02cc 12       		.uleb128 0x12
 976 02cd 01       		.uleb128 0x1
ARM GAS  C:\Users\ADMIN\AppData\Local\Temp\ccWtGHBy.s 			page 23


 977 02ce 52       		.byte	0x52
 978 02cf 02       		.uleb128 0x2
 979 02d0 91       		.byte	0x91
 980 02d1 54       		.sleb128 -44
 981 02d2 00       		.byte	0
 982 02d3 11       		.uleb128 0x11
 983 02d4 7E000000 		.4byte	.LVL19
 984 02d8 8B050000 		.4byte	0x58b
 985 02dc F0020000 		.4byte	0x2f0
 986 02e0 12       		.uleb128 0x12
 987 02e1 01       		.uleb128 0x1
 988 02e2 50       		.byte	0x50
 989 02e3 02       		.uleb128 0x2
 990 02e4 74       		.byte	0x74
 991 02e5 00       		.sleb128 0
 992 02e6 12       		.uleb128 0x12
 993 02e7 01       		.uleb128 0x1
 994 02e8 51       		.byte	0x51
 995 02e9 05       		.uleb128 0x5
 996 02ea 03       		.byte	0x3
 997 02eb 14000000 		.4byte	.LC8
 998 02ef 00       		.byte	0
 999 02f0 11       		.uleb128 0x11
 1000 02f1 84000000 		.4byte	.LVL20
 1001 02f5 B8050000 		.4byte	0x5b8
 1002 02f9 04030000 		.4byte	0x304
 1003 02fd 12       		.uleb128 0x12
 1004 02fe 01       		.uleb128 0x1
 1005 02ff 50       		.byte	0x50
 1006 0300 02       		.uleb128 0x2
 1007 0301 74       		.byte	0x74
 1008 0302 00       		.sleb128 0
 1009 0303 00       		.byte	0
 1010 0304 11       		.uleb128 0x11
 1011 0305 90000000 		.4byte	.LVL21
 1012 0309 CE000000 		.4byte	0xce
 1013 030d 18030000 		.4byte	0x318
 1014 0311 12       		.uleb128 0x12
 1015 0312 01       		.uleb128 0x1
 1016 0313 50       		.byte	0x50
 1017 0314 02       		.uleb128 0x2
 1018 0315 91       		.byte	0x91
 1019 0316 4C       		.sleb128 -52
 1020 0317 00       		.byte	0
 1021 0318 11       		.uleb128 0x11
 1022 0319 A0000000 		.4byte	.LVL22
 1023 031d C3050000 		.4byte	0x5c3
 1024 0321 3A030000 		.4byte	0x33a
 1025 0325 12       		.uleb128 0x12
 1026 0326 01       		.uleb128 0x1
 1027 0327 50       		.byte	0x50
 1028 0328 02       		.uleb128 0x2
 1029 0329 74       		.byte	0x74
 1030 032a 00       		.sleb128 0
 1031 032b 12       		.uleb128 0x12
 1032 032c 01       		.uleb128 0x1
 1033 032d 51       		.byte	0x51
ARM GAS  C:\Users\ADMIN\AppData\Local\Temp\ccWtGHBy.s 			page 24


 1034 032e 05       		.uleb128 0x5
 1035 032f 03       		.byte	0x3
 1036 0330 28000000 		.4byte	.LC10
 1037 0334 12       		.uleb128 0x12
 1038 0335 01       		.uleb128 0x1
 1039 0336 52       		.byte	0x52
 1040 0337 01       		.uleb128 0x1
 1041 0338 34       		.byte	0x34
 1042 0339 00       		.byte	0
 1043 033a 11       		.uleb128 0x11
 1044 033b A6000000 		.4byte	.LVL23
 1045 033f B8050000 		.4byte	0x5b8
 1046 0343 4E030000 		.4byte	0x34e
 1047 0347 12       		.uleb128 0x12
 1048 0348 01       		.uleb128 0x1
 1049 0349 50       		.byte	0x50
 1050 034a 02       		.uleb128 0x2
 1051 034b 74       		.byte	0x74
 1052 034c 00       		.sleb128 0
 1053 034d 00       		.byte	0
 1054 034e 11       		.uleb128 0x11
 1055 034f BA000000 		.4byte	.LVL25
 1056 0353 8B050000 		.4byte	0x58b
 1057 0357 6B030000 		.4byte	0x36b
 1058 035b 12       		.uleb128 0x12
 1059 035c 01       		.uleb128 0x1
 1060 035d 50       		.byte	0x50
 1061 035e 02       		.uleb128 0x2
 1062 035f 74       		.byte	0x74
 1063 0360 00       		.sleb128 0
 1064 0361 12       		.uleb128 0x12
 1065 0362 01       		.uleb128 0x1
 1066 0363 51       		.byte	0x51
 1067 0364 05       		.uleb128 0x5
 1068 0365 03       		.byte	0x3
 1069 0366 14000000 		.4byte	.LC8
 1070 036a 00       		.byte	0
 1071 036b 11       		.uleb128 0x11
 1072 036c 3E010000 		.4byte	.LVL35
 1073 0370 CC050000 		.4byte	0x5cc
 1074 0374 80030000 		.4byte	0x380
 1075 0378 12       		.uleb128 0x12
 1076 0379 01       		.uleb128 0x1
 1077 037a 50       		.byte	0x50
 1078 037b 03       		.uleb128 0x3
 1079 037c 0A       		.byte	0xa
 1080 037d D007     		.2byte	0x7d0
 1081 037f 00       		.byte	0
 1082 0380 11       		.uleb128 0x11
 1083 0381 4C010000 		.4byte	.LVL36
 1084 0385 A2050000 		.4byte	0x5a2
 1085 0389 9A030000 		.4byte	0x39a
 1086 038d 12       		.uleb128 0x12
 1087 038e 01       		.uleb128 0x1
 1088 038f 50       		.byte	0x50
 1089 0390 03       		.uleb128 0x3
 1090 0391 91       		.byte	0x91
ARM GAS  C:\Users\ADMIN\AppData\Local\Temp\ccWtGHBy.s 			page 25


 1091 0392 44       		.sleb128 -60
 1092 0393 06       		.byte	0x6
 1093 0394 12       		.uleb128 0x12
 1094 0395 01       		.uleb128 0x1
 1095 0396 51       		.byte	0x51
 1096 0397 01       		.uleb128 0x1
 1097 0398 30       		.byte	0x30
 1098 0399 00       		.byte	0
 1099 039a 11       		.uleb128 0x11
 1100 039b 52010000 		.4byte	.LVL37
 1101 039f 96050000 		.4byte	0x596
 1102 03a3 AD030000 		.4byte	0x3ad
 1103 03a7 12       		.uleb128 0x12
 1104 03a8 01       		.uleb128 0x1
 1105 03a9 50       		.byte	0x50
 1106 03aa 01       		.uleb128 0x1
 1107 03ab 30       		.byte	0x30
 1108 03ac 00       		.byte	0
 1109 03ad 11       		.uleb128 0x11
 1110 03ae 64010000 		.4byte	.LVL38
 1111 03b2 C3050000 		.4byte	0x5c3
 1112 03b6 CF030000 		.4byte	0x3cf
 1113 03ba 12       		.uleb128 0x12
 1114 03bb 01       		.uleb128 0x1
 1115 03bc 50       		.byte	0x50
 1116 03bd 02       		.uleb128 0x2
 1117 03be 74       		.byte	0x74
 1118 03bf 00       		.sleb128 0
 1119 03c0 12       		.uleb128 0x12
 1120 03c1 01       		.uleb128 0x1
 1121 03c2 51       		.byte	0x51
 1122 03c3 05       		.uleb128 0x5
 1123 03c4 03       		.byte	0x3
 1124 03c5 38000000 		.4byte	.LC14
 1125 03c9 12       		.uleb128 0x12
 1126 03ca 01       		.uleb128 0x1
 1127 03cb 52       		.byte	0x52
 1128 03cc 01       		.uleb128 0x1
 1129 03cd 35       		.byte	0x35
 1130 03ce 00       		.byte	0
 1131 03cf 11       		.uleb128 0x11
 1132 03d0 6A010000 		.4byte	.LVL39
 1133 03d4 B8050000 		.4byte	0x5b8
 1134 03d8 E3030000 		.4byte	0x3e3
 1135 03dc 12       		.uleb128 0x12
 1136 03dd 01       		.uleb128 0x1
 1137 03de 50       		.byte	0x50
 1138 03df 02       		.uleb128 0x2
 1139 03e0 74       		.byte	0x74
 1140 03e1 00       		.sleb128 0
 1141 03e2 00       		.byte	0
 1142 03e3 11       		.uleb128 0x11
 1143 03e4 CC010000 		.4byte	.LVL48
 1144 03e8 8B050000 		.4byte	0x58b
 1145 03ec 00040000 		.4byte	0x400
 1146 03f0 12       		.uleb128 0x12
 1147 03f1 01       		.uleb128 0x1
ARM GAS  C:\Users\ADMIN\AppData\Local\Temp\ccWtGHBy.s 			page 26


 1148 03f2 50       		.byte	0x50
 1149 03f3 02       		.uleb128 0x2
 1150 03f4 74       		.byte	0x74
 1151 03f5 00       		.sleb128 0
 1152 03f6 12       		.uleb128 0x12
 1153 03f7 01       		.uleb128 0x1
 1154 03f8 51       		.byte	0x51
 1155 03f9 05       		.uleb128 0x5
 1156 03fa 03       		.byte	0x3
 1157 03fb 40000000 		.4byte	.LC16
 1158 03ff 00       		.byte	0
 1159 0400 11       		.uleb128 0x11
 1160 0401 D2010000 		.4byte	.LVL49
 1161 0405 B8050000 		.4byte	0x5b8
 1162 0409 14040000 		.4byte	0x414
 1163 040d 12       		.uleb128 0x12
 1164 040e 01       		.uleb128 0x1
 1165 040f 50       		.byte	0x50
 1166 0410 02       		.uleb128 0x2
 1167 0411 74       		.byte	0x74
 1168 0412 00       		.sleb128 0
 1169 0413 00       		.byte	0
 1170 0414 11       		.uleb128 0x11
 1171 0415 E8010000 		.4byte	.LVL50
 1172 0419 8B050000 		.4byte	0x58b
 1173 041d 31040000 		.4byte	0x431
 1174 0421 12       		.uleb128 0x12
 1175 0422 01       		.uleb128 0x1
 1176 0423 50       		.byte	0x50
 1177 0424 02       		.uleb128 0x2
 1178 0425 74       		.byte	0x74
 1179 0426 00       		.sleb128 0
 1180 0427 12       		.uleb128 0x12
 1181 0428 01       		.uleb128 0x1
 1182 0429 51       		.byte	0x51
 1183 042a 05       		.uleb128 0x5
 1184 042b 03       		.byte	0x3
 1185 042c 58000000 		.4byte	.LC18
 1186 0430 00       		.byte	0
 1187 0431 13       		.uleb128 0x13
 1188 0432 EE010000 		.4byte	.LVL51
 1189 0436 B8050000 		.4byte	0x5b8
 1190 043a 12       		.uleb128 0x12
 1191 043b 01       		.uleb128 0x1
 1192 043c 50       		.byte	0x50
 1193 043d 02       		.uleb128 0x2
 1194 043e 74       		.byte	0x74
 1195 043f 00       		.sleb128 0
 1196 0440 00       		.byte	0
 1197 0441 00       		.byte	0
 1198 0442 15       		.uleb128 0x15
 1199 0443 7C000000 		.4byte	.LASF25
 1200 0447 01       		.byte	0x1
 1201 0448 B1       		.byte	0xb1
 1202 0449 00000000 		.4byte	.LFB34
 1203 044d 0C000000 		.4byte	.LFE34-.LFB34
 1204 0451 01       		.uleb128 0x1
ARM GAS  C:\Users\ADMIN\AppData\Local\Temp\ccWtGHBy.s 			page 27


 1205 0452 9C       		.byte	0x9c
 1206 0453 98040000 		.4byte	0x498
 1207 0457 0A       		.uleb128 0xa
 1208 0458 2A010000 		.4byte	.LASF14
 1209 045c 01       		.byte	0x1
 1210 045d B1       		.byte	0xb1
 1211 045e 11010000 		.4byte	0x111
 1212 0462 51020000 		.4byte	.LLST12
 1213 0466 0A       		.uleb128 0xa
 1214 0467 13010000 		.4byte	.LASF15
 1215 046b 01       		.byte	0x1
 1216 046c B1       		.byte	0xb1
 1217 046d 11010000 		.4byte	0x111
 1218 0471 72020000 		.4byte	.LLST13
 1219 0475 13       		.uleb128 0x13
 1220 0476 0A000000 		.4byte	.LVL55
 1221 047a 17010000 		.4byte	0x117
 1222 047e 12       		.uleb128 0x12
 1223 047f 01       		.uleb128 0x1
 1224 0480 50       		.byte	0x50
 1225 0481 03       		.uleb128 0x3
 1226 0482 F3       		.byte	0xf3
 1227 0483 01       		.uleb128 0x1
 1228 0484 50       		.byte	0x50
 1229 0485 12       		.uleb128 0x12
 1230 0486 01       		.uleb128 0x1
 1231 0487 51       		.byte	0x51
 1232 0488 03       		.uleb128 0x3
 1233 0489 F3       		.byte	0xf3
 1234 048a 01       		.uleb128 0x1
 1235 048b 51       		.byte	0x51
 1236 048c 12       		.uleb128 0x12
 1237 048d 01       		.uleb128 0x1
 1238 048e 52       		.byte	0x52
 1239 048f 01       		.uleb128 0x1
 1240 0490 31       		.byte	0x31
 1241 0491 12       		.uleb128 0x12
 1242 0492 01       		.uleb128 0x1
 1243 0493 53       		.byte	0x53
 1244 0494 01       		.uleb128 0x1
 1245 0495 30       		.byte	0x30
 1246 0496 00       		.byte	0
 1247 0497 00       		.byte	0
 1248 0498 15       		.uleb128 0x15
 1249 0499 25020000 		.4byte	.LASF26
 1250 049d 01       		.byte	0x1
 1251 049e B4       		.byte	0xb4
 1252 049f 00000000 		.4byte	.LFB35
 1253 04a3 0C000000 		.4byte	.LFE35-.LFB35
 1254 04a7 01       		.uleb128 0x1
 1255 04a8 9C       		.byte	0x9c
 1256 04a9 FF040000 		.4byte	0x4ff
 1257 04ad 0A       		.uleb128 0xa
 1258 04ae 2A010000 		.4byte	.LASF14
 1259 04b2 01       		.byte	0x1
 1260 04b3 B4       		.byte	0xb4
 1261 04b4 11010000 		.4byte	0x111
ARM GAS  C:\Users\ADMIN\AppData\Local\Temp\ccWtGHBy.s 			page 28


 1262 04b8 93020000 		.4byte	.LLST14
 1263 04bc 0A       		.uleb128 0xa
 1264 04bd 13010000 		.4byte	.LASF15
 1265 04c1 01       		.byte	0x1
 1266 04c2 B4       		.byte	0xb4
 1267 04c3 11010000 		.4byte	0x111
 1268 04c7 B4020000 		.4byte	.LLST15
 1269 04cb 0A       		.uleb128 0xa
 1270 04cc 55020000 		.4byte	.LASF21
 1271 04d0 01       		.byte	0x1
 1272 04d1 B4       		.byte	0xb4
 1273 04d2 5D000000 		.4byte	0x5d
 1274 04d6 D5020000 		.4byte	.LLST16
 1275 04da 13       		.uleb128 0x13
 1276 04db 0A000000 		.4byte	.LVL58
 1277 04df 17010000 		.4byte	0x117
 1278 04e3 12       		.uleb128 0x12
 1279 04e4 01       		.uleb128 0x1
 1280 04e5 50       		.byte	0x50
 1281 04e6 03       		.uleb128 0x3
 1282 04e7 F3       		.byte	0xf3
 1283 04e8 01       		.uleb128 0x1
 1284 04e9 50       		.byte	0x50
 1285 04ea 12       		.uleb128 0x12
 1286 04eb 01       		.uleb128 0x1
 1287 04ec 51       		.byte	0x51
 1288 04ed 03       		.uleb128 0x3
 1289 04ee F3       		.byte	0xf3
 1290 04ef 01       		.uleb128 0x1
 1291 04f0 51       		.byte	0x51
 1292 04f1 12       		.uleb128 0x12
 1293 04f2 01       		.uleb128 0x1
 1294 04f3 52       		.byte	0x52
 1295 04f4 01       		.uleb128 0x1
 1296 04f5 30       		.byte	0x30
 1297 04f6 12       		.uleb128 0x12
 1298 04f7 01       		.uleb128 0x1
 1299 04f8 53       		.byte	0x53
 1300 04f9 03       		.uleb128 0x3
 1301 04fa F3       		.byte	0xf3
 1302 04fb 01       		.uleb128 0x1
 1303 04fc 52       		.byte	0x52
 1304 04fd 00       		.byte	0
 1305 04fe 00       		.byte	0
 1306 04ff 07       		.uleb128 0x7
 1307 0500 84000000 		.4byte	0x84
 1308 0504 0A050000 		.4byte	0x50a
 1309 0508 16       		.uleb128 0x16
 1310 0509 00       		.byte	0
 1311 050a 17       		.uleb128 0x17
 1312 050b 73747200 		.ascii	"str\000"
 1313 050f 07       		.byte	0x7
 1314 0510 07       		.byte	0x7
 1315 0511 FF040000 		.4byte	0x4ff
 1316 0515 18       		.uleb128 0x18
 1317 0516 34000000 		.4byte	.LASF27
 1318 051a 01       		.byte	0x1
ARM GAS  C:\Users\ADMIN\AppData\Local\Temp\ccWtGHBy.s 			page 29


 1319 051b 12       		.byte	0x12
 1320 051c 0A010000 		.4byte	0x10a
 1321 0520 05       		.uleb128 0x5
 1322 0521 03       		.byte	0x3
 1323 0522 00000000 		.4byte	button_pushed
 1324 0526 18       		.uleb128 0x18
 1325 0527 1B010000 		.4byte	.LASF28
 1326 052b 01       		.byte	0x1
 1327 052c 14       		.byte	0x14
 1328 052d BE000000 		.4byte	0xbe
 1329 0531 05       		.uleb128 0x5
 1330 0532 03       		.byte	0x3
 1331 0533 00000000 		.4byte	min_none_color
 1332 0537 18       		.uleb128 0x18
 1333 0538 C6000000 		.4byte	.LASF29
 1334 053c 01       		.byte	0x1
 1335 053d 15       		.byte	0x15
 1336 053e BE000000 		.4byte	0xbe
 1337 0542 05       		.uleb128 0x5
 1338 0543 03       		.byte	0x3
 1339 0544 00000000 		.4byte	max_none_color
 1340 0548 18       		.uleb128 0x18
 1341 0549 A5020000 		.4byte	.LASF30
 1342 054d 02       		.byte	0x2
 1343 054e 27       		.byte	0x27
 1344 054f BE000000 		.4byte	0xbe
 1345 0553 05       		.uleb128 0x5
 1346 0554 03       		.byte	0x3
 1347 0555 00000000 		.4byte	min_cur_color
 1348 0559 18       		.uleb128 0x18
 1349 055a 5A000000 		.4byte	.LASF31
 1350 055e 02       		.byte	0x2
 1351 055f 28       		.byte	0x28
 1352 0560 BE000000 		.4byte	0xbe
 1353 0564 05       		.uleb128 0x5
 1354 0565 03       		.byte	0x3
 1355 0566 00000000 		.4byte	max_cur_color
 1356 056a 07       		.uleb128 0x7
 1357 056b 99000000 		.4byte	0x99
 1358 056f 7A050000 		.4byte	0x57a
 1359 0573 08       		.uleb128 0x8
 1360 0574 7D000000 		.4byte	0x7d
 1361 0578 05       		.byte	0x5
 1362 0579 00       		.byte	0
 1363 057a 18       		.uleb128 0x18
 1364 057b 02010000 		.4byte	.LASF32
 1365 057f 02       		.byte	0x2
 1366 0580 2F       		.byte	0x2f
 1367 0581 6A050000 		.4byte	0x56a
 1368 0585 05       		.uleb128 0x5
 1369 0586 03       		.byte	0x3
 1370 0587 00000000 		.4byte	boundaries
 1371 058b 19       		.uleb128 0x19
 1372 058c D1020000 		.4byte	.LASF33
 1373 0590 D1020000 		.4byte	.LASF33
 1374 0594 03       		.byte	0x3
 1375 0595 E7       		.byte	0xe7
ARM GAS  C:\Users\ADMIN\AppData\Local\Temp\ccWtGHBy.s 			page 30


 1376 0596 1A       		.uleb128 0x1a
 1377 0597 E7000000 		.4byte	.LASF34
 1378 059b E7000000 		.4byte	.LASF34
 1379 059f 04       		.byte	0x4
 1380 05a0 5501     		.2byte	0x155
 1381 05a2 19       		.uleb128 0x19
 1382 05a3 56010000 		.4byte	.LASF35
 1383 05a7 56010000 		.4byte	.LASF35
 1384 05ab 05       		.byte	0x5
 1385 05ac 14       		.byte	0x14
 1386 05ad 19       		.uleb128 0x19
 1387 05ae 8C020000 		.4byte	.LASF36
 1388 05b2 8C020000 		.4byte	.LASF36
 1389 05b6 06       		.byte	0x6
 1390 05b7 AE       		.byte	0xae
 1391 05b8 19       		.uleb128 0x19
 1392 05b9 4F020000 		.4byte	.LASF37
 1393 05bd 4F020000 		.4byte	.LASF37
 1394 05c1 07       		.byte	0x7
 1395 05c2 09       		.byte	0x9
 1396 05c3 1B       		.uleb128 0x1b
 1397 05c4 64020000 		.4byte	.LASF44
 1398 05c8 64020000 		.4byte	.LASF44
 1399 05cc 19       		.uleb128 0x19
 1400 05cd D9020000 		.4byte	.LASF38
 1401 05d1 D9020000 		.4byte	.LASF38
 1402 05d5 08       		.byte	0x8
 1403 05d6 EC       		.byte	0xec
 1404 05d7 00       		.byte	0
 1405              		.section	.debug_abbrev,"",%progbits
 1406              	.Ldebug_abbrev0:
 1407 0000 01       		.uleb128 0x1
 1408 0001 11       		.uleb128 0x11
 1409 0002 01       		.byte	0x1
 1410 0003 25       		.uleb128 0x25
 1411 0004 0E       		.uleb128 0xe
 1412 0005 13       		.uleb128 0x13
 1413 0006 0B       		.uleb128 0xb
 1414 0007 03       		.uleb128 0x3
 1415 0008 0E       		.uleb128 0xe
 1416 0009 1B       		.uleb128 0x1b
 1417 000a 0E       		.uleb128 0xe
 1418 000b 55       		.uleb128 0x55
 1419 000c 17       		.uleb128 0x17
 1420 000d 11       		.uleb128 0x11
 1421 000e 01       		.uleb128 0x1
 1422 000f 10       		.uleb128 0x10
 1423 0010 17       		.uleb128 0x17
 1424 0011 00       		.byte	0
 1425 0012 00       		.byte	0
 1426 0013 02       		.uleb128 0x2
 1427 0014 24       		.uleb128 0x24
 1428 0015 00       		.byte	0
 1429 0016 0B       		.uleb128 0xb
 1430 0017 0B       		.uleb128 0xb
 1431 0018 3E       		.uleb128 0x3e
 1432 0019 0B       		.uleb128 0xb
ARM GAS  C:\Users\ADMIN\AppData\Local\Temp\ccWtGHBy.s 			page 31


 1433 001a 03       		.uleb128 0x3
 1434 001b 0E       		.uleb128 0xe
 1435 001c 00       		.byte	0
 1436 001d 00       		.byte	0
 1437 001e 03       		.uleb128 0x3
 1438 001f 24       		.uleb128 0x24
 1439 0020 00       		.byte	0
 1440 0021 0B       		.uleb128 0xb
 1441 0022 0B       		.uleb128 0xb
 1442 0023 3E       		.uleb128 0x3e
 1443 0024 0B       		.uleb128 0xb
 1444 0025 03       		.uleb128 0x3
 1445 0026 08       		.uleb128 0x8
 1446 0027 00       		.byte	0
 1447 0028 00       		.byte	0
 1448 0029 04       		.uleb128 0x4
 1449 002a 16       		.uleb128 0x16
 1450 002b 00       		.byte	0
 1451 002c 03       		.uleb128 0x3
 1452 002d 0E       		.uleb128 0xe
 1453 002e 3A       		.uleb128 0x3a
 1454 002f 0B       		.uleb128 0xb
 1455 0030 3B       		.uleb128 0x3b
 1456 0031 0B       		.uleb128 0xb
 1457 0032 49       		.uleb128 0x49
 1458 0033 13       		.uleb128 0x13
 1459 0034 00       		.byte	0
 1460 0035 00       		.byte	0
 1461 0036 05       		.uleb128 0x5
 1462 0037 13       		.uleb128 0x13
 1463 0038 01       		.byte	0x1
 1464 0039 03       		.uleb128 0x3
 1465 003a 0E       		.uleb128 0xe
 1466 003b 0B       		.uleb128 0xb
 1467 003c 0B       		.uleb128 0xb
 1468 003d 3A       		.uleb128 0x3a
 1469 003e 0B       		.uleb128 0xb
 1470 003f 3B       		.uleb128 0x3b
 1471 0040 0B       		.uleb128 0xb
 1472 0041 01       		.uleb128 0x1
 1473 0042 13       		.uleb128 0x13
 1474 0043 00       		.byte	0
 1475 0044 00       		.byte	0
 1476 0045 06       		.uleb128 0x6
 1477 0046 0D       		.uleb128 0xd
 1478 0047 00       		.byte	0
 1479 0048 03       		.uleb128 0x3
 1480 0049 0E       		.uleb128 0xe
 1481 004a 3A       		.uleb128 0x3a
 1482 004b 0B       		.uleb128 0xb
 1483 004c 3B       		.uleb128 0x3b
 1484 004d 0B       		.uleb128 0xb
 1485 004e 49       		.uleb128 0x49
 1486 004f 13       		.uleb128 0x13
 1487 0050 38       		.uleb128 0x38
 1488 0051 0B       		.uleb128 0xb
 1489 0052 00       		.byte	0
ARM GAS  C:\Users\ADMIN\AppData\Local\Temp\ccWtGHBy.s 			page 32


 1490 0053 00       		.byte	0
 1491 0054 07       		.uleb128 0x7
 1492 0055 01       		.uleb128 0x1
 1493 0056 01       		.byte	0x1
 1494 0057 49       		.uleb128 0x49
 1495 0058 13       		.uleb128 0x13
 1496 0059 01       		.uleb128 0x1
 1497 005a 13       		.uleb128 0x13
 1498 005b 00       		.byte	0
 1499 005c 00       		.byte	0
 1500 005d 08       		.uleb128 0x8
 1501 005e 21       		.uleb128 0x21
 1502 005f 00       		.byte	0
 1503 0060 49       		.uleb128 0x49
 1504 0061 13       		.uleb128 0x13
 1505 0062 2F       		.uleb128 0x2f
 1506 0063 0B       		.uleb128 0xb
 1507 0064 00       		.byte	0
 1508 0065 00       		.byte	0
 1509 0066 09       		.uleb128 0x9
 1510 0067 2E       		.uleb128 0x2e
 1511 0068 01       		.byte	0x1
 1512 0069 3F       		.uleb128 0x3f
 1513 006a 19       		.uleb128 0x19
 1514 006b 03       		.uleb128 0x3
 1515 006c 0E       		.uleb128 0xe
 1516 006d 3A       		.uleb128 0x3a
 1517 006e 0B       		.uleb128 0xb
 1518 006f 3B       		.uleb128 0x3b
 1519 0070 0B       		.uleb128 0xb
 1520 0071 27       		.uleb128 0x27
 1521 0072 19       		.uleb128 0x19
 1522 0073 49       		.uleb128 0x49
 1523 0074 13       		.uleb128 0x13
 1524 0075 11       		.uleb128 0x11
 1525 0076 01       		.uleb128 0x1
 1526 0077 12       		.uleb128 0x12
 1527 0078 06       		.uleb128 0x6
 1528 0079 40       		.uleb128 0x40
 1529 007a 18       		.uleb128 0x18
 1530 007b 9742     		.uleb128 0x2117
 1531 007d 19       		.uleb128 0x19
 1532 007e 01       		.uleb128 0x1
 1533 007f 13       		.uleb128 0x13
 1534 0080 00       		.byte	0
 1535 0081 00       		.byte	0
 1536 0082 0A       		.uleb128 0xa
 1537 0083 05       		.uleb128 0x5
 1538 0084 00       		.byte	0
 1539 0085 03       		.uleb128 0x3
 1540 0086 0E       		.uleb128 0xe
 1541 0087 3A       		.uleb128 0x3a
 1542 0088 0B       		.uleb128 0xb
 1543 0089 3B       		.uleb128 0x3b
 1544 008a 0B       		.uleb128 0xb
 1545 008b 49       		.uleb128 0x49
 1546 008c 13       		.uleb128 0x13
ARM GAS  C:\Users\ADMIN\AppData\Local\Temp\ccWtGHBy.s 			page 33


 1547 008d 02       		.uleb128 0x2
 1548 008e 17       		.uleb128 0x17
 1549 008f 00       		.byte	0
 1550 0090 00       		.byte	0
 1551 0091 0B       		.uleb128 0xb
 1552 0092 0B       		.uleb128 0xb
 1553 0093 01       		.byte	0x1
 1554 0094 55       		.uleb128 0x55
 1555 0095 17       		.uleb128 0x17
 1556 0096 00       		.byte	0
 1557 0097 00       		.byte	0
 1558 0098 0C       		.uleb128 0xc
 1559 0099 34       		.uleb128 0x34
 1560 009a 00       		.byte	0
 1561 009b 03       		.uleb128 0x3
 1562 009c 08       		.uleb128 0x8
 1563 009d 3A       		.uleb128 0x3a
 1564 009e 0B       		.uleb128 0xb
 1565 009f 3B       		.uleb128 0x3b
 1566 00a0 0B       		.uleb128 0xb
 1567 00a1 49       		.uleb128 0x49
 1568 00a2 13       		.uleb128 0x13
 1569 00a3 02       		.uleb128 0x2
 1570 00a4 17       		.uleb128 0x17
 1571 00a5 00       		.byte	0
 1572 00a6 00       		.byte	0
 1573 00a7 0D       		.uleb128 0xd
 1574 00a8 0F       		.uleb128 0xf
 1575 00a9 00       		.byte	0
 1576 00aa 0B       		.uleb128 0xb
 1577 00ab 0B       		.uleb128 0xb
 1578 00ac 49       		.uleb128 0x49
 1579 00ad 13       		.uleb128 0x13
 1580 00ae 00       		.byte	0
 1581 00af 00       		.byte	0
 1582 00b0 0E       		.uleb128 0xe
 1583 00b1 34       		.uleb128 0x34
 1584 00b2 00       		.byte	0
 1585 00b3 03       		.uleb128 0x3
 1586 00b4 0E       		.uleb128 0xe
 1587 00b5 3A       		.uleb128 0x3a
 1588 00b6 0B       		.uleb128 0xb
 1589 00b7 3B       		.uleb128 0x3b
 1590 00b8 0B       		.uleb128 0xb
 1591 00b9 49       		.uleb128 0x49
 1592 00ba 13       		.uleb128 0x13
 1593 00bb 02       		.uleb128 0x2
 1594 00bc 18       		.uleb128 0x18
 1595 00bd 00       		.byte	0
 1596 00be 00       		.byte	0
 1597 00bf 0F       		.uleb128 0xf
 1598 00c0 34       		.uleb128 0x34
 1599 00c1 00       		.byte	0
 1600 00c2 03       		.uleb128 0x3
 1601 00c3 0E       		.uleb128 0xe
 1602 00c4 3A       		.uleb128 0x3a
 1603 00c5 0B       		.uleb128 0xb
ARM GAS  C:\Users\ADMIN\AppData\Local\Temp\ccWtGHBy.s 			page 34


 1604 00c6 3B       		.uleb128 0x3b
 1605 00c7 0B       		.uleb128 0xb
 1606 00c8 49       		.uleb128 0x49
 1607 00c9 13       		.uleb128 0x13
 1608 00ca 02       		.uleb128 0x2
 1609 00cb 17       		.uleb128 0x17
 1610 00cc 00       		.byte	0
 1611 00cd 00       		.byte	0
 1612 00ce 10       		.uleb128 0x10
 1613 00cf 0B       		.uleb128 0xb
 1614 00d0 01       		.byte	0x1
 1615 00d1 55       		.uleb128 0x55
 1616 00d2 17       		.uleb128 0x17
 1617 00d3 01       		.uleb128 0x1
 1618 00d4 13       		.uleb128 0x13
 1619 00d5 00       		.byte	0
 1620 00d6 00       		.byte	0
 1621 00d7 11       		.uleb128 0x11
 1622 00d8 898201   		.uleb128 0x4109
 1623 00db 01       		.byte	0x1
 1624 00dc 11       		.uleb128 0x11
 1625 00dd 01       		.uleb128 0x1
 1626 00de 31       		.uleb128 0x31
 1627 00df 13       		.uleb128 0x13
 1628 00e0 01       		.uleb128 0x1
 1629 00e1 13       		.uleb128 0x13
 1630 00e2 00       		.byte	0
 1631 00e3 00       		.byte	0
 1632 00e4 12       		.uleb128 0x12
 1633 00e5 8A8201   		.uleb128 0x410a
 1634 00e8 00       		.byte	0
 1635 00e9 02       		.uleb128 0x2
 1636 00ea 18       		.uleb128 0x18
 1637 00eb 9142     		.uleb128 0x2111
 1638 00ed 18       		.uleb128 0x18
 1639 00ee 00       		.byte	0
 1640 00ef 00       		.byte	0
 1641 00f0 13       		.uleb128 0x13
 1642 00f1 898201   		.uleb128 0x4109
 1643 00f4 01       		.byte	0x1
 1644 00f5 11       		.uleb128 0x11
 1645 00f6 01       		.uleb128 0x1
 1646 00f7 31       		.uleb128 0x31
 1647 00f8 13       		.uleb128 0x13
 1648 00f9 00       		.byte	0
 1649 00fa 00       		.byte	0
 1650 00fb 14       		.uleb128 0x14
 1651 00fc 0B       		.uleb128 0xb
 1652 00fd 01       		.byte	0x1
 1653 00fe 11       		.uleb128 0x11
 1654 00ff 01       		.uleb128 0x1
 1655 0100 12       		.uleb128 0x12
 1656 0101 06       		.uleb128 0x6
 1657 0102 01       		.uleb128 0x1
 1658 0103 13       		.uleb128 0x13
 1659 0104 00       		.byte	0
 1660 0105 00       		.byte	0
ARM GAS  C:\Users\ADMIN\AppData\Local\Temp\ccWtGHBy.s 			page 35


 1661 0106 15       		.uleb128 0x15
 1662 0107 2E       		.uleb128 0x2e
 1663 0108 01       		.byte	0x1
 1664 0109 3F       		.uleb128 0x3f
 1665 010a 19       		.uleb128 0x19
 1666 010b 03       		.uleb128 0x3
 1667 010c 0E       		.uleb128 0xe
 1668 010d 3A       		.uleb128 0x3a
 1669 010e 0B       		.uleb128 0xb
 1670 010f 3B       		.uleb128 0x3b
 1671 0110 0B       		.uleb128 0xb
 1672 0111 27       		.uleb128 0x27
 1673 0112 19       		.uleb128 0x19
 1674 0113 11       		.uleb128 0x11
 1675 0114 01       		.uleb128 0x1
 1676 0115 12       		.uleb128 0x12
 1677 0116 06       		.uleb128 0x6
 1678 0117 40       		.uleb128 0x40
 1679 0118 18       		.uleb128 0x18
 1680 0119 9742     		.uleb128 0x2117
 1681 011b 19       		.uleb128 0x19
 1682 011c 01       		.uleb128 0x1
 1683 011d 13       		.uleb128 0x13
 1684 011e 00       		.byte	0
 1685 011f 00       		.byte	0
 1686 0120 16       		.uleb128 0x16
 1687 0121 21       		.uleb128 0x21
 1688 0122 00       		.byte	0
 1689 0123 00       		.byte	0
 1690 0124 00       		.byte	0
 1691 0125 17       		.uleb128 0x17
 1692 0126 34       		.uleb128 0x34
 1693 0127 00       		.byte	0
 1694 0128 03       		.uleb128 0x3
 1695 0129 08       		.uleb128 0x8
 1696 012a 3A       		.uleb128 0x3a
 1697 012b 0B       		.uleb128 0xb
 1698 012c 3B       		.uleb128 0x3b
 1699 012d 0B       		.uleb128 0xb
 1700 012e 49       		.uleb128 0x49
 1701 012f 13       		.uleb128 0x13
 1702 0130 3F       		.uleb128 0x3f
 1703 0131 19       		.uleb128 0x19
 1704 0132 3C       		.uleb128 0x3c
 1705 0133 19       		.uleb128 0x19
 1706 0134 00       		.byte	0
 1707 0135 00       		.byte	0
 1708 0136 18       		.uleb128 0x18
 1709 0137 34       		.uleb128 0x34
 1710 0138 00       		.byte	0
 1711 0139 03       		.uleb128 0x3
 1712 013a 0E       		.uleb128 0xe
 1713 013b 3A       		.uleb128 0x3a
 1714 013c 0B       		.uleb128 0xb
 1715 013d 3B       		.uleb128 0x3b
 1716 013e 0B       		.uleb128 0xb
 1717 013f 49       		.uleb128 0x49
ARM GAS  C:\Users\ADMIN\AppData\Local\Temp\ccWtGHBy.s 			page 36


 1718 0140 13       		.uleb128 0x13
 1719 0141 3F       		.uleb128 0x3f
 1720 0142 19       		.uleb128 0x19
 1721 0143 02       		.uleb128 0x2
 1722 0144 18       		.uleb128 0x18
 1723 0145 00       		.byte	0
 1724 0146 00       		.byte	0
 1725 0147 19       		.uleb128 0x19
 1726 0148 2E       		.uleb128 0x2e
 1727 0149 00       		.byte	0
 1728 014a 3F       		.uleb128 0x3f
 1729 014b 19       		.uleb128 0x19
 1730 014c 3C       		.uleb128 0x3c
 1731 014d 19       		.uleb128 0x19
 1732 014e 6E       		.uleb128 0x6e
 1733 014f 0E       		.uleb128 0xe
 1734 0150 03       		.uleb128 0x3
 1735 0151 0E       		.uleb128 0xe
 1736 0152 3A       		.uleb128 0x3a
 1737 0153 0B       		.uleb128 0xb
 1738 0154 3B       		.uleb128 0x3b
 1739 0155 0B       		.uleb128 0xb
 1740 0156 00       		.byte	0
 1741 0157 00       		.byte	0
 1742 0158 1A       		.uleb128 0x1a
 1743 0159 2E       		.uleb128 0x2e
 1744 015a 00       		.byte	0
 1745 015b 3F       		.uleb128 0x3f
 1746 015c 19       		.uleb128 0x19
 1747 015d 3C       		.uleb128 0x3c
 1748 015e 19       		.uleb128 0x19
 1749 015f 6E       		.uleb128 0x6e
 1750 0160 0E       		.uleb128 0xe
 1751 0161 03       		.uleb128 0x3
 1752 0162 0E       		.uleb128 0xe
 1753 0163 3A       		.uleb128 0x3a
 1754 0164 0B       		.uleb128 0xb
 1755 0165 3B       		.uleb128 0x3b
 1756 0166 05       		.uleb128 0x5
 1757 0167 00       		.byte	0
 1758 0168 00       		.byte	0
 1759 0169 1B       		.uleb128 0x1b
 1760 016a 2E       		.uleb128 0x2e
 1761 016b 00       		.byte	0
 1762 016c 3F       		.uleb128 0x3f
 1763 016d 19       		.uleb128 0x19
 1764 016e 3C       		.uleb128 0x3c
 1765 016f 19       		.uleb128 0x19
 1766 0170 6E       		.uleb128 0x6e
 1767 0171 0E       		.uleb128 0xe
 1768 0172 03       		.uleb128 0x3
 1769 0173 0E       		.uleb128 0xe
 1770 0174 00       		.byte	0
 1771 0175 00       		.byte	0
 1772 0176 00       		.byte	0
 1773              		.section	.debug_loc,"",%progbits
 1774              	.Ldebug_loc0:
ARM GAS  C:\Users\ADMIN\AppData\Local\Temp\ccWtGHBy.s 			page 37


 1775              	.LLST0:
 1776 0000 00000000 		.4byte	.LVL0
 1777 0004 22000000 		.4byte	.LVL4
 1778 0008 0100     		.2byte	0x1
 1779 000a 50       		.byte	0x50
 1780 000b 22000000 		.4byte	.LVL4
 1781 000f 24000000 		.4byte	.LVL5
 1782 0013 0400     		.2byte	0x4
 1783 0015 F3       		.byte	0xf3
 1784 0016 01       		.uleb128 0x1
 1785 0017 50       		.byte	0x50
 1786 0018 9F       		.byte	0x9f
 1787 0019 24000000 		.4byte	.LVL5
 1788 001d 26000000 		.4byte	.LVL6
 1789 0021 0100     		.2byte	0x1
 1790 0023 50       		.byte	0x50
 1791 0024 26000000 		.4byte	.LVL6
 1792 0028 28000000 		.4byte	.LVL7
 1793 002c 0400     		.2byte	0x4
 1794 002e F3       		.byte	0xf3
 1795 002f 01       		.uleb128 0x1
 1796 0030 50       		.byte	0x50
 1797 0031 9F       		.byte	0x9f
 1798 0032 28000000 		.4byte	.LVL7
 1799 0036 2A000000 		.4byte	.LVL8
 1800 003a 0100     		.2byte	0x1
 1801 003c 50       		.byte	0x50
 1802 003d 2A000000 		.4byte	.LVL8
 1803 0041 34000000 		.4byte	.LFE36
 1804 0045 0400     		.2byte	0x4
 1805 0047 F3       		.byte	0xf3
 1806 0048 01       		.uleb128 0x1
 1807 0049 50       		.byte	0x50
 1808 004a 9F       		.byte	0x9f
 1809 004b 00000000 		.4byte	0
 1810 004f 00000000 		.4byte	0
 1811              	.LLST1:
 1812 0053 02000000 		.4byte	.LVL1
 1813 0057 06000000 		.4byte	.LVL2
 1814 005b 0200     		.2byte	0x2
 1815 005d 30       		.byte	0x30
 1816 005e 9F       		.byte	0x9f
 1817 005f 06000000 		.4byte	.LVL2
 1818 0063 34000000 		.4byte	.LFE36
 1819 0067 0100     		.2byte	0x1
 1820 0069 53       		.byte	0x53
 1821 006a 00000000 		.4byte	0
 1822 006e 00000000 		.4byte	0
 1823              	.LLST2:
 1824 0072 00000000 		.4byte	.LVL9
 1825 0076 1E000000 		.4byte	.LVL11
 1826 007a 0100     		.2byte	0x1
 1827 007c 50       		.byte	0x50
 1828 007d 1E000000 		.4byte	.LVL11
 1829 0081 72010000 		.4byte	.LVL40
 1830 0085 0100     		.2byte	0x1
 1831 0087 59       		.byte	0x59
ARM GAS  C:\Users\ADMIN\AppData\Local\Temp\ccWtGHBy.s 			page 38


 1832 0088 72010000 		.4byte	.LVL40
 1833 008c A6010000 		.4byte	.LVL44
 1834 0090 0100     		.2byte	0x1
 1835 0092 54       		.byte	0x54
 1836 0093 A6010000 		.4byte	.LVL44
 1837 0097 AC010000 		.4byte	.LVL45
 1838 009b 0100     		.2byte	0x1
 1839 009d 59       		.byte	0x59
 1840 009e AC010000 		.4byte	.LVL45
 1841 00a2 BE010000 		.4byte	.LVL47
 1842 00a6 0100     		.2byte	0x1
 1843 00a8 54       		.byte	0x54
 1844 00a9 BE010000 		.4byte	.LVL47
 1845 00ad F2010000 		.4byte	.LVL53
 1846 00b1 0100     		.2byte	0x1
 1847 00b3 59       		.byte	0x59
 1848 00b4 F2010000 		.4byte	.LVL53
 1849 00b8 28020000 		.4byte	.LFE33
 1850 00bc 0400     		.2byte	0x4
 1851 00be F3       		.byte	0xf3
 1852 00bf 01       		.uleb128 0x1
 1853 00c0 50       		.byte	0x50
 1854 00c1 9F       		.byte	0x9f
 1855 00c2 00000000 		.4byte	0
 1856 00c6 00000000 		.4byte	0
 1857              	.LLST3:
 1858 00ca 00000000 		.4byte	.LVL9
 1859 00ce 1C000000 		.4byte	.LVL10
 1860 00d2 0100     		.2byte	0x1
 1861 00d4 51       		.byte	0x51
 1862 00d5 1C000000 		.4byte	.LVL10
 1863 00d9 72010000 		.4byte	.LVL40
 1864 00dd 0100     		.2byte	0x1
 1865 00df 58       		.byte	0x58
 1866 00e0 72010000 		.4byte	.LVL40
 1867 00e4 A6010000 		.4byte	.LVL44
 1868 00e8 0100     		.2byte	0x1
 1869 00ea 55       		.byte	0x55
 1870 00eb A6010000 		.4byte	.LVL44
 1871 00ef AC010000 		.4byte	.LVL45
 1872 00f3 0100     		.2byte	0x1
 1873 00f5 58       		.byte	0x58
 1874 00f6 AC010000 		.4byte	.LVL45
 1875 00fa EE010000 		.4byte	.LVL51
 1876 00fe 0100     		.2byte	0x1
 1877 0100 55       		.byte	0x55
 1878 0101 EE010000 		.4byte	.LVL51
 1879 0105 F2010000 		.4byte	.LVL52
 1880 0109 0100     		.2byte	0x1
 1881 010b 58       		.byte	0x58
 1882 010c F2010000 		.4byte	.LVL52
 1883 0110 28020000 		.4byte	.LFE33
 1884 0114 0400     		.2byte	0x4
 1885 0116 F3       		.byte	0xf3
 1886 0117 01       		.uleb128 0x1
 1887 0118 51       		.byte	0x51
 1888 0119 9F       		.byte	0x9f
ARM GAS  C:\Users\ADMIN\AppData\Local\Temp\ccWtGHBy.s 			page 39


 1889 011a 00000000 		.4byte	0
 1890 011e 00000000 		.4byte	0
 1891              	.LLST4:
 1892 0122 00000000 		.4byte	.LVL9
 1893 0126 21000000 		.4byte	.LVL12-1
 1894 012a 0100     		.2byte	0x1
 1895 012c 52       		.byte	0x52
 1896 012d 21000000 		.4byte	.LVL12-1
 1897 0131 28020000 		.4byte	.LFE33
 1898 0135 0400     		.2byte	0x4
 1899 0137 F3       		.byte	0xf3
 1900 0138 01       		.uleb128 0x1
 1901 0139 52       		.byte	0x52
 1902 013a 9F       		.byte	0x9f
 1903 013b 00000000 		.4byte	0
 1904 013f 00000000 		.4byte	0
 1905              	.LLST5:
 1906 0143 00000000 		.4byte	.LVL9
 1907 0147 21000000 		.4byte	.LVL12-1
 1908 014b 0100     		.2byte	0x1
 1909 014d 53       		.byte	0x53
 1910 014e 21000000 		.4byte	.LVL12-1
 1911 0152 62000000 		.4byte	.LVL17
 1912 0156 0100     		.2byte	0x1
 1913 0158 55       		.byte	0x55
 1914 0159 62000000 		.4byte	.LVL17
 1915 015d 28020000 		.4byte	.LFE33
 1916 0161 0200     		.2byte	0x2
 1917 0163 91       		.byte	0x91
 1918 0164 44       		.sleb128 -60
 1919 0165 00000000 		.4byte	0
 1920 0169 00000000 		.4byte	0
 1921              	.LLST6:
 1922 016d 2C000000 		.4byte	.LVL13
 1923 0171 62000000 		.4byte	.LVL17
 1924 0175 0200     		.2byte	0x2
 1925 0177 30       		.byte	0x30
 1926 0178 9F       		.byte	0x9f
 1927 0179 62000000 		.4byte	.LVL17
 1928 017d EE010000 		.4byte	.LVL51
 1929 0181 0100     		.2byte	0x1
 1930 0183 57       		.byte	0x57
 1931 0184 00000000 		.4byte	0
 1932 0188 00000000 		.4byte	0
 1933              	.LLST7:
 1934 018c 4C000000 		.4byte	.LVL15
 1935 0190 EE010000 		.4byte	.LVL51
 1936 0194 0200     		.2byte	0x2
 1937 0196 91       		.byte	0x91
 1938 0197 40       		.sleb128 -64
 1939 0198 00000000 		.4byte	0
 1940 019c 00000000 		.4byte	0
 1941              	.LLST8:
 1942 01a0 62000000 		.4byte	.LVL17
 1943 01a4 A6000000 		.4byte	.LVL23
 1944 01a8 0100     		.2byte	0x1
 1945 01aa 56       		.byte	0x56
ARM GAS  C:\Users\ADMIN\AppData\Local\Temp\ccWtGHBy.s 			page 40


 1946 01ab A6000000 		.4byte	.LVL23
 1947 01af AA000000 		.4byte	.LVL24
 1948 01b3 0200     		.2byte	0x2
 1949 01b5 30       		.byte	0x30
 1950 01b6 9F       		.byte	0x9f
 1951 01b7 AA000000 		.4byte	.LVL24
 1952 01bb CA000000 		.4byte	.LVL27
 1953 01bf 0100     		.2byte	0x1
 1954 01c1 56       		.byte	0x56
 1955 01c2 CA000000 		.4byte	.LVL27
 1956 01c6 18010000 		.4byte	.LVL32
 1957 01ca 0100     		.2byte	0x1
 1958 01cc 5A       		.byte	0x5a
 1959 01cd 18010000 		.4byte	.LVL32
 1960 01d1 22010000 		.4byte	.LVL33
 1961 01d5 0100     		.2byte	0x1
 1962 01d7 56       		.byte	0x56
 1963 01d8 22010000 		.4byte	.LVL33
 1964 01dc 2A010000 		.4byte	.LVL34
 1965 01e0 0100     		.2byte	0x1
 1966 01e2 5A       		.byte	0x5a
 1967 01e3 2A010000 		.4byte	.LVL34
 1968 01e7 EE010000 		.4byte	.LVL51
 1969 01eb 0100     		.2byte	0x1
 1970 01ed 56       		.byte	0x56
 1971 01ee 00000000 		.4byte	0
 1972 01f2 00000000 		.4byte	0
 1973              	.LLST9:
 1974 01f6 CA000000 		.4byte	.LVL27
 1975 01fa 18010000 		.4byte	.LVL32
 1976 01fe 0100     		.2byte	0x1
 1977 0200 55       		.byte	0x55
 1978 0201 22010000 		.4byte	.LVL33
 1979 0205 2A010000 		.4byte	.LVL34
 1980 0209 0100     		.2byte	0x1
 1981 020b 55       		.byte	0x55
 1982 020c 00000000 		.4byte	0
 1983 0210 00000000 		.4byte	0
 1984              	.LLST10:
 1985 0214 6A010000 		.4byte	.LVL39
 1986 0218 72010000 		.4byte	.LVL40
 1987 021c 0200     		.2byte	0x2
 1988 021e 30       		.byte	0x30
 1989 021f 9F       		.byte	0x9f
 1990 0220 72010000 		.4byte	.LVL40
 1991 0224 90010000 		.4byte	.LVL42
 1992 0228 0100     		.2byte	0x1
 1993 022a 52       		.byte	0x52
 1994 022b 00000000 		.4byte	0
 1995 022f 00000000 		.4byte	0
 1996              	.LLST11:
 1997 0233 90010000 		.4byte	.LVL42
 1998 0237 A6010000 		.4byte	.LVL44
 1999 023b 0100     		.2byte	0x1
 2000 023d 52       		.byte	0x52
 2001 023e AC010000 		.4byte	.LVL45
 2002 0242 B4010000 		.4byte	.LVL46
ARM GAS  C:\Users\ADMIN\AppData\Local\Temp\ccWtGHBy.s 			page 41


 2003 0246 0100     		.2byte	0x1
 2004 0248 52       		.byte	0x52
 2005 0249 00000000 		.4byte	0
 2006 024d 00000000 		.4byte	0
 2007              	.LLST12:
 2008 0251 00000000 		.4byte	.LVL54
 2009 0255 09000000 		.4byte	.LVL55-1
 2010 0259 0100     		.2byte	0x1
 2011 025b 50       		.byte	0x50
 2012 025c 09000000 		.4byte	.LVL55-1
 2013 0260 0C000000 		.4byte	.LFE34
 2014 0264 0400     		.2byte	0x4
 2015 0266 F3       		.byte	0xf3
 2016 0267 01       		.uleb128 0x1
 2017 0268 50       		.byte	0x50
 2018 0269 9F       		.byte	0x9f
 2019 026a 00000000 		.4byte	0
 2020 026e 00000000 		.4byte	0
 2021              	.LLST13:
 2022 0272 00000000 		.4byte	.LVL54
 2023 0276 09000000 		.4byte	.LVL55-1
 2024 027a 0100     		.2byte	0x1
 2025 027c 51       		.byte	0x51
 2026 027d 09000000 		.4byte	.LVL55-1
 2027 0281 0C000000 		.4byte	.LFE34
 2028 0285 0400     		.2byte	0x4
 2029 0287 F3       		.byte	0xf3
 2030 0288 01       		.uleb128 0x1
 2031 0289 51       		.byte	0x51
 2032 028a 9F       		.byte	0x9f
 2033 028b 00000000 		.4byte	0
 2034 028f 00000000 		.4byte	0
 2035              	.LLST14:
 2036 0293 00000000 		.4byte	.LVL56
 2037 0297 09000000 		.4byte	.LVL58-1
 2038 029b 0100     		.2byte	0x1
 2039 029d 50       		.byte	0x50
 2040 029e 09000000 		.4byte	.LVL58-1
 2041 02a2 0C000000 		.4byte	.LFE35
 2042 02a6 0400     		.2byte	0x4
 2043 02a8 F3       		.byte	0xf3
 2044 02a9 01       		.uleb128 0x1
 2045 02aa 50       		.byte	0x50
 2046 02ab 9F       		.byte	0x9f
 2047 02ac 00000000 		.4byte	0
 2048 02b0 00000000 		.4byte	0
 2049              	.LLST15:
 2050 02b4 00000000 		.4byte	.LVL56
 2051 02b8 09000000 		.4byte	.LVL58-1
 2052 02bc 0100     		.2byte	0x1
 2053 02be 51       		.byte	0x51
 2054 02bf 09000000 		.4byte	.LVL58-1
 2055 02c3 0C000000 		.4byte	.LFE35
 2056 02c7 0400     		.2byte	0x4
 2057 02c9 F3       		.byte	0xf3
 2058 02ca 01       		.uleb128 0x1
 2059 02cb 51       		.byte	0x51
ARM GAS  C:\Users\ADMIN\AppData\Local\Temp\ccWtGHBy.s 			page 42


 2060 02cc 9F       		.byte	0x9f
 2061 02cd 00000000 		.4byte	0
 2062 02d1 00000000 		.4byte	0
 2063              	.LLST16:
 2064 02d5 00000000 		.4byte	.LVL56
 2065 02d9 06000000 		.4byte	.LVL57
 2066 02dd 0100     		.2byte	0x1
 2067 02df 52       		.byte	0x52
 2068 02e0 06000000 		.4byte	.LVL57
 2069 02e4 09000000 		.4byte	.LVL58-1
 2070 02e8 0100     		.2byte	0x1
 2071 02ea 53       		.byte	0x53
 2072 02eb 09000000 		.4byte	.LVL58-1
 2073 02ef 0C000000 		.4byte	.LFE35
 2074 02f3 0400     		.2byte	0x4
 2075 02f5 F3       		.byte	0xf3
 2076 02f6 01       		.uleb128 0x1
 2077 02f7 52       		.byte	0x52
 2078 02f8 9F       		.byte	0x9f
 2079 02f9 00000000 		.4byte	0
 2080 02fd 00000000 		.4byte	0
 2081              		.section	.debug_aranges,"",%progbits
 2082 0000 34000000 		.4byte	0x34
 2083 0004 0200     		.2byte	0x2
 2084 0006 00000000 		.4byte	.Ldebug_info0
 2085 000a 04       		.byte	0x4
 2086 000b 00       		.byte	0
 2087 000c 0000     		.2byte	0
 2088 000e 0000     		.2byte	0
 2089 0010 00000000 		.4byte	.LFB36
 2090 0014 34000000 		.4byte	.LFE36-.LFB36
 2091 0018 00000000 		.4byte	.LFB33
 2092 001c 28020000 		.4byte	.LFE33-.LFB33
 2093 0020 00000000 		.4byte	.LFB34
 2094 0024 0C000000 		.4byte	.LFE34-.LFB34
 2095 0028 00000000 		.4byte	.LFB35
 2096 002c 0C000000 		.4byte	.LFE35-.LFB35
 2097 0030 00000000 		.4byte	0
 2098 0034 00000000 		.4byte	0
 2099              		.section	.debug_ranges,"",%progbits
 2100              	.Ldebug_ranges0:
 2101 0000 02000000 		.4byte	.LBB2
 2102 0004 20000000 		.4byte	.LBE2
 2103 0008 22000000 		.4byte	.LBB3
 2104 000c 2A000000 		.4byte	.LBE3
 2105 0010 00000000 		.4byte	0
 2106 0014 00000000 		.4byte	0
 2107 0018 CA000000 		.4byte	.LBB4
 2108 001c 18010000 		.4byte	.LBE4
 2109 0020 22010000 		.4byte	.LBB5
 2110 0024 28010000 		.4byte	.LBE5
 2111 0028 00000000 		.4byte	0
 2112 002c 00000000 		.4byte	0
 2113 0030 90010000 		.4byte	.LBB7
 2114 0034 A6010000 		.4byte	.LBE7
 2115 0038 AC010000 		.4byte	.LBB8
 2116 003c B4010000 		.4byte	.LBE8
ARM GAS  C:\Users\ADMIN\AppData\Local\Temp\ccWtGHBy.s 			page 43


 2117 0040 00000000 		.4byte	0
 2118 0044 00000000 		.4byte	0
 2119 0048 00000000 		.4byte	.LFB36
 2120 004c 34000000 		.4byte	.LFE36
 2121 0050 00000000 		.4byte	.LFB33
 2122 0054 28020000 		.4byte	.LFE33
 2123 0058 00000000 		.4byte	.LFB34
 2124 005c 0C000000 		.4byte	.LFE34
 2125 0060 00000000 		.4byte	.LFB35
 2126 0064 0C000000 		.4byte	.LFE35
 2127 0068 00000000 		.4byte	0
 2128 006c 00000000 		.4byte	0
 2129              		.section	.debug_line,"",%progbits
 2130              	.Ldebug_line0:
 2131 0000 67020000 		.section	.debug_str,"MS",%progbits,1
 2131      02008201 
 2131      00000201 
 2131      FB0E0D00 
 2131      01010101 
 2132              	.LASF6:
 2133 0000 6C6F6E67 		.ascii	"long long int\000"
 2133      206C6F6E 
 2133      6720696E 
 2133      7400
 2134              	.LASF42:
 2135 000e 73697A65 		.ascii	"size_t\000"
 2135      5F7400
 2136              	.LASF18:
 2137 0015 616E616C 		.ascii	"analyze_measurement_boundaries\000"
 2137      797A655F 
 2137      6D656173 
 2137      7572656D 
 2137      656E745F 
 2138              	.LASF27:
 2139 0034 62757474 		.ascii	"button_pushed\000"
 2139      6F6E5F70 
 2139      75736865 
 2139      6400
 2140              	.LASF43:
 2141 0042 636F6C6F 		.ascii	"color_boundaries\000"
 2141      725F626F 
 2141      756E6461 
 2141      72696573 
 2141      00
 2142              	.LASF13:
 2143 0053 646F7562 		.ascii	"double\000"
 2143      6C6500
 2144              	.LASF31:
 2145 005a 6D61785F 		.ascii	"max_cur_color\000"
 2145      6375725F 
 2145      636F6C6F 
 2145      7200
 2146              	.LASF12:
 2147 0068 666C6F61 		.ascii	"float\000"
 2147      7400
 2148              	.LASF1:
 2149 006e 756E7369 		.ascii	"unsigned char\000"
ARM GAS  C:\Users\ADMIN\AppData\Local\Temp\ccWtGHBy.s 			page 44


 2149      676E6564 
 2149      20636861 
 2149      7200
 2150              	.LASF25:
 2151 007c 616E616C 		.ascii	"analyze_measurement_boundaries_none\000"
 2151      797A655F 
 2151      6D656173 
 2151      7572656D 
 2151      656E745F 
 2152              	.LASF23:
 2153 00a0 6D61785F 		.ascii	"max_num_to_measure\000"
 2153      6E756D5F 
 2153      746F5F6D 
 2153      65617375 
 2153      726500
 2154              	.LASF3:
 2155 00b3 73686F72 		.ascii	"short unsigned int\000"
 2155      7420756E 
 2155      7369676E 
 2155      65642069 
 2155      6E7400
 2156              	.LASF29:
 2157 00c6 6D61785F 		.ascii	"max_none_color\000"
 2157      6E6F6E65 
 2157      5F636F6C 
 2157      6F7200
 2158              	.LASF5:
 2159 00d5 6C6F6E67 		.ascii	"long unsigned int\000"
 2159      20756E73 
 2159      69676E65 
 2159      6420696E 
 2159      7400
 2160              	.LASF34:
 2161 00e7 50574D5F 		.ascii	"PWM_Container_WriteCompare\000"
 2161      436F6E74 
 2161      61696E65 
 2161      725F5772 
 2161      69746543 
 2162              	.LASF32:
 2163 0102 626F756E 		.ascii	"boundaries\000"
 2163      64617269 
 2163      657300
 2164              	.LASF19:
 2165 010d 636F6C6F 		.ascii	"color\000"
 2165      7200
 2166              	.LASF15:
 2167 0113 6D61785F 		.ascii	"max_rgb\000"
 2167      72676200 
 2168              	.LASF28:
 2169 011b 6D696E5F 		.ascii	"min_none_color\000"
 2169      6E6F6E65 
 2169      5F636F6C 
 2169      6F7200
 2170              	.LASF14:
 2171 012a 6D696E5F 		.ascii	"min_rgb\000"
 2171      72676200 
 2172              	.LASF8:
ARM GAS  C:\Users\ADMIN\AppData\Local\Temp\ccWtGHBy.s 			page 45


 2173 0132 756E7369 		.ascii	"unsigned int\000"
 2173      676E6564 
 2173      20696E74 
 2173      00
 2174              	.LASF7:
 2175 013f 6C6F6E67 		.ascii	"long long unsigned int\000"
 2175      206C6F6E 
 2175      6720756E 
 2175      7369676E 
 2175      65642069 
 2176              	.LASF35:
 2177 0156 4F70656E 		.ascii	"OpenCloseTestGates\000"
 2177      436C6F73 
 2177      65546573 
 2177      74476174 
 2177      657300
 2178              	.LASF24:
 2179 0169 636F756E 		.ascii	"count_not_none\000"
 2179      745F6E6F 
 2179      745F6E6F 
 2179      6E6500
 2180              	.LASF39:
 2181 0178 474E5520 		.ascii	"GNU C11 5.4.1 20160609 (release) [ARM/embedded-5-br"
 2181      43313120 
 2181      352E342E 
 2181      31203230 
 2181      31363036 
 2182 01ab 616E6368 		.ascii	"anch revision 237715] -mcpu=cortex-m0 -mthumb -g -O"
 2182      20726576 
 2182      6973696F 
 2182      6E203233 
 2182      37373135 
 2183 01de 67202D66 		.ascii	"g -ffunction-sections -ffat-lto-objects\000"
 2183      66756E63 
 2183      74696F6E 
 2183      2D736563 
 2183      74696F6E 
 2184              	.LASF17:
 2185 0206 636F6D70 		.ascii	"compare_to_none_color\000"
 2185      6172655F 
 2185      746F5F6E 
 2185      6F6E655F 
 2185      636F6C6F 
 2186              	.LASF10:
 2187 021c 73697A65 		.ascii	"sizetype\000"
 2187      74797065 
 2187      00
 2188              	.LASF26:
 2189 0225 616E616C 		.ascii	"analyze_measurement_boundaries_color\000"
 2189      797A655F 
 2189      6D656173 
 2189      7572656D 
 2189      656E745F 
 2190              	.LASF11:
 2191 024a 63686172 		.ascii	"char\000"
 2191      00
 2192              	.LASF37:
ARM GAS  C:\Users\ADMIN\AppData\Local\Temp\ccWtGHBy.s 			page 46


 2193 024f 7072696E 		.ascii	"print\000"
 2193      7400
 2194              	.LASF21:
 2195 0255 636F756E 		.ascii	"count_settings\000"
 2195      745F7365 
 2195      7474696E 
 2195      677300
 2196              	.LASF44:
 2197 0264 6D656D63 		.ascii	"memcpy\000"
 2197      707900
 2198              	.LASF2:
 2199 026b 73686F72 		.ascii	"short int\000"
 2199      7420696E 
 2199      7400
 2200              	.LASF40:
 2201 0275 6C656172 		.ascii	"learn_color.c\000"
 2201      6E5F636F 
 2201      6C6F722E 
 2201      6300
 2202              	.LASF20:
 2203 0283 6E6F6E65 		.ascii	"none_col\000"
 2203      5F636F6C 
 2203      00
 2204              	.LASF36:
 2205 028c 67657452 		.ascii	"getRGB\000"
 2205      474200
 2206              	.LASF22:
 2207 0293 63757272 		.ascii	"curr_num\000"
 2207      5F6E756D 
 2207      00
 2208              	.LASF4:
 2209 029c 6C6F6E67 		.ascii	"long int\000"
 2209      20696E74 
 2209      00
 2210              	.LASF30:
 2211 02a5 6D696E5F 		.ascii	"min_cur_color\000"
 2211      6375725F 
 2211      636F6C6F 
 2211      7200
 2212              	.LASF9:
 2213 02b3 6C6F6E67 		.ascii	"long double\000"
 2213      20646F75 
 2213      626C6500 
 2214              	.LASF0:
 2215 02bf 7369676E 		.ascii	"signed char\000"
 2215      65642063 
 2215      68617200 
 2216              	.LASF16:
 2217 02cb 5F426F6F 		.ascii	"_Bool\000"
 2217      6C00
 2218              	.LASF33:
 2219 02d1 73707269 		.ascii	"sprintf\000"
 2219      6E746600 
 2220              	.LASF38:
 2221 02d9 43794465 		.ascii	"CyDelay\000"
 2221      6C617900 
 2222              	.LASF41:
ARM GAS  C:\Users\ADMIN\AppData\Local\Temp\ccWtGHBy.s 			page 47


 2223 02e1 433A5C55 		.ascii	"C:\\Users\\ADMIN\\Documents\\Sorting-project\\MandM"
 2223      73657273 
 2223      5C41444D 
 2223      494E5C44 
 2223      6F63756D 
 2224 030f 732D736F 		.ascii	"s-sorting.cydsn\000"
 2224      7274696E 
 2224      672E6379 
 2224      64736E00 
 2225              		.ident	"GCC: (GNU Tools for ARM Embedded Processors) 5.4.1 20160609 (release) [ARM/embedded-5-bran
